
> seoul-trail-next@0.1.0 dev
> next dev

▲ Next.js 16.2.6 (Turbopack)
- Local:         http://localhost:3000
- Network:       http://192.168.219.102:3000
- Environments: .env.local, .env
✓ Ready in 196ms

 GET / 200 in 175ms (next.js: 92ms, application-code: 83ms)
도봉산역 좌표 검색 성공
당고개공원 갈림길 좌표 검색 성공
상계동 나들이 철쭉동산 좌표 검색 성공
화랑대역 좌표 검색 성공
 GET /map 200 in 79ms (next.js: 26ms, application-code: 53ms)
도봉산역 좌표 검색 성공
당고개공원 갈림길 좌표 검색 성공
상계동 나들이 철쭉동산 좌표 검색 성공
화랑대역 좌표 검색 성공

-----
[1m[31mFATAL[39m[0m: An unexpected Turbopack error occurred. A panic log has been written to /var/folders/0c/3z2p6gw57r906stxcqtc2bnr0000gn/T/next-panic-ecd5961ffe5ac9a5e9c7f44a9cdabf2b.log.

To help make Turbopack better, report this error by ]8;;https://bugs.nextjs.org/search?category=turbopack-error-report&title=Turbopack%20Error%3A%20Failed%20to%20write%20app%20endpoint%20%2Fmap%2Fpage&body=Turbopack%20version%3A%20%60ee6e79b1%60%0ANext.js%20version%3A%20%600.0.0%60%0A%0AError%20message%3A%0A%60%60%60%0AFailed%20to%20write%20app%20endpoint%20%2Fmap%2Fpage%0A%0ACaused%20by%3A%0A-%20Next.js%20package%20not%20found%0A%0ADebug%20info%3A%0A-%20Execution%20of%20Project%3A%3Ahmr_version_state%20failed%0A-%20Execution%20of%20hmr_version_operation%20failed%0A-%20Execution%20of%20VersionedContentMap%3A%3Aget%20failed%0A-%20Execution%20of%20VersionedContentMap%3A%3Aget_asset%20failed%0A-%20Execution%20of%20VersionedContentMap%3A%3Acompute_entry%20failed%0A-%20Execution%20of%20%2Aemit_assets%20failed%0A-%20Execution%20of%20all_assets_from_entries_operation%20failed%0A-%20Execution%20of%20%2Aall_assets_from_entries%20failed%0A-%20Execution%20of%20endpoint_output_assets_operation%20failed%0A-%20Execution%20of%20%3CAppEndpoint%20as%20Endpoint%3E%3A%3Aoutput%20failed%0A-%20Failed%20to%20write%20app%20endpoint%20%2Fmap%2Fpage%0A-%20Execution%20of%20%2Aall_asset_paths%20failed%0A-%20Execution%20of%20%2AAppEndpointOutput%3A%3Aoutput_assets%20failed%0A-%20Execution%20of%20AppEndpoint%3A%3Aoutput%20failed%0A-%20Execution%20of%20AppEndpoint%3A%3Aapp_page_entry%20failed%0A-%20Execution%20of%20%2Aget_app_page_entry%20failed%0A-%20Execution%20of%20AppProject%3A%3Arsc_module_context%20failed%0A-%20Execution%20of%20%2AModuleAssetContext%3A%3Anew%20failed%0A-%20Execution%20of%20%2AAppProject%3A%3Aget_rsc_transitions%20failed%0A-%20Execution%20of%20AppProject%3A%3Aecmascript_client_reference_transition%20failed%0A-%20Execution%20of%20%2ANextEcmascriptClientReferenceTransition%3A%3Anew%20failed%0A-%20Execution%20of%20AppProject%3A%3Assr_transition%20failed%0A-%20Execution%20of%20%2AFullContextTransition%3A%3Anew%20failed%0A-%20Execution%20of%20AppProject%3A%3Assr_module_context%20failed%0A-%20Execution%20of%20AppProject%3A%3Ashared_transition%20failed%0A-%20Execution%20of%20%2AFullContextTransition%3A%3Anew%20failed%0A-%20Execution%20of%20AppProject%3A%3Ashared_module_context%20failed%0A-%20Execution%20of%20%2AModuleAssetContext%3A%3Anew%20failed%0A-%20Execution%20of%20get_server_resolve_options_context%20failed%0A-%20Execution%20of%20get_next_server_import_map%20failed%0A-%20Next.js%20package%20not%20found%0A%60%60%60&labels=Turbopack,Turbopack%20Panic%20Backtrace\clicking here.]8;;\
-----

도봉산역 좌표 검색 성공
당고개공원 갈림길 좌표 검색 성공
상계동 나들이 철쭉동산 좌표 검색 성공
화랑대역 좌표 검색 성공
[browser] Failed to fetch RSC payload for http://localhost:3000/map. Falling back to browser navigation. Error: Module 68027 was instantiated because it was required from module [project]/node_modules/next/dist/compiled/react-server-dom-turbopack/cjs/react-server-dom-turbopack-client.browser.development.js [app-client] (ecmascript), but the module factory is not available.
This is often caused by a stale browser cache, misconfigured Cache-Control headers, or a service worker serving outdated responses.
To fix this, make sure your Cache-Control headers allow revalidation of chunks and review your service worker configuration. As an immediate workaround, try hard-reloading the page, clearing the browser cache, or unregistering any service workers.
 GET /map 200 in 112ms (next.js: 1356µs, application-code: 111ms)
도봉산역 좌표 검색 성공
당고개공원 갈림길 좌표 검색 성공
상계동 나들이 철쭉동산 좌표 검색 성공
화랑대역 좌표 검색 성공
 GET /map 200 in 76ms (next.js: 1104µs, application-code: 74ms)
도봉산역 좌표 검색 성공
당고개공원 갈림길 좌표 검색 성공
상계동 나들이 철쭉동산 좌표 검색 성공
화랑대역 좌표 검색 성공
 GET /map 200 in 65ms (next.js: 1399µs, application-code: 64ms)
도봉산역 좌표 검색 성공
당고개공원 갈림길 좌표 검색 성공
상계동 나들이 철쭉동산 좌표 검색 성공
화랑대역 좌표 검색 성공
 GET /map 200 in 63ms (next.js: 1096µs, application-code: 62ms)
도봉산역 좌표 검색 성공
당고개공원 갈림길 좌표 검색 성공
상계동 나들이 철쭉동산 좌표 검색 성공
화랑대역 좌표 검색 성공
 GET /map 200 in 73ms (next.js: 1116µs, application-code: 72ms)
도봉산역 좌표 검색 성공
당고개공원 갈림길 좌표 검색 성공
상계동 나들이 철쭉동산 좌표 검색 성공
화랑대역 좌표 검색 성공
 GET /map 200 in 67ms (next.js: 1316µs, application-code: 65ms)
도봉산역 좌표 검색 성공
당고개공원 갈림길 좌표 검색 성공
상계동 나들이 철쭉동산 좌표 검색 성공
화랑대역 좌표 검색 성공
 GET /map 200 in 63ms (next.js: 1171µs, application-code: 62ms)
도봉산역 좌표 검색 성공
당고개공원 갈림길 좌표 검색 성공
상계동 나들이 철쭉동산 좌표 검색 성공
화랑대역 좌표 검색 성공
 GET /map 200 in 63ms (next.js: 1327µs, application-code: 62ms)
도봉산역 좌표 검색 성공
당고개공원 갈림길 좌표 검색 성공
상계동 나들이 철쭉동산 좌표 검색 성공
화랑대역 좌표 검색 성공
 GET /map 200 in 63ms (next.js: 1044µs, application-code: 62ms)
도봉산역 좌표 검색 성공
당고개공원 갈림길 좌표 검색 성공
상계동 나들이 철쭉동산 좌표 검색 성공
화랑대역 좌표 검색 성공
 GET /map 200 in 61ms (next.js: 1031µs, application-code: 60ms)
도봉산역 좌표 검색 성공
당고개공원 갈림길 좌표 검색 성공
상계동 나들이 철쭉동산 좌표 검색 성공
화랑대역 좌표 검색 성공
 GET /map 200 in 62ms (next.js: 1113µs, application-code: 61ms)
도봉산역 좌표 검색 성공
당고개공원 갈림길 좌표 검색 성공
상계동 나들이 철쭉동산 좌표 검색 성공
화랑대역 좌표 검색 성공
 GET /map 200 in 58ms (next.js: 981µs, application-code: 57ms)
도봉산역 좌표 검색 성공
당고개공원 갈림길 좌표 검색 성공
상계동 나들이 철쭉동산 좌표 검색 성공
화랑대역 좌표 검색 성공
 GET /map 200 in 65ms (next.js: 1020µs, application-code: 64ms)
도봉산역 좌표 검색 성공
당고개공원 갈림길 좌표 검색 성공
상계동 나들이 철쭉동산 좌표 검색 성공
화랑대역 좌표 검색 성공
 GET /map 200 in 57ms (next.js: 887µs, application-code: 57ms)
도봉산역 좌표 검색 성공
당고개공원 갈림길 좌표 검색 성공
상계동 나들이 철쭉동산 좌표 검색 성공
화랑대역 좌표 검색 성공
 GET /map 200 in 61ms (next.js: 870µs, application-code: 60ms)
도봉산역 좌표 검색 성공
당고개공원 갈림길 좌표 검색 성공
상계동 나들이 철쭉동산 좌표 검색 성공
화랑대역 좌표 검색 성공
 GET /map 200 in 63ms (next.js: 1056µs, application-code: 62ms)
도봉산역 좌표 검색 성공
당고개공원 갈림길 좌표 검색 성공
상계동 나들이 철쭉동산 좌표 검색 성공
화랑대역 좌표 검색 성공
 GET /map 200 in 62ms (next.js: 952µs, application-code: 61ms)
도봉산역 좌표 검색 성공
당고개공원 갈림길 좌표 검색 성공
상계동 나들이 철쭉동산 좌표 검색 성공
화랑대역 좌표 검색 성공
 GET /map 200 in 68ms (next.js: 1154µs, application-code: 67ms)
도봉산역 좌표 검색 성공
당고개공원 갈림길 좌표 검색 성공
상계동 나들이 철쭉동산 좌표 검색 성공
화랑대역 좌표 검색 성공
 GET /map 200 in 70ms (next.js: 942µs, application-code: 69ms)
도봉산역 좌표 검색 성공
당고개공원 갈림길 좌표 검색 성공
상계동 나들이 철쭉동산 좌표 검색 성공
화랑대역 좌표 검색 성공
 GET /map 200 in 62ms (next.js: 1121µs, application-code: 60ms)
도봉산역 좌표 검색 성공
당고개공원 갈림길 좌표 검색 성공
상계동 나들이 철쭉동산 좌표 검색 성공
화랑대역 좌표 검색 성공
깔딱고개 쉼터 좌표 검색 성공
광나루역 좌표 검색 성공
명일근린공원 좌표 검색 성공
오금1교(올림픽공원역) 좌표 검색 성공
깔딱고개 쉼터 좌표 검색 성공
광나루역 좌표 검색 성공
명일근린공원 좌표 검색 성공
오금1교(올림픽공원역) 좌표 검색 성공
 GET /map 200 in 69ms (next.js: 775µs, application-code: 68ms)
도봉산역 좌표 검색 성공
당고개공원 갈림길 좌표 검색 성공
상계동 나들이 철쭉동산 좌표 검색 성공
화랑대역 좌표 검색 성공
 GET /map 200 in 72ms (next.js: 960µs, application-code: 71ms)
깔딱고개 쉼터 좌표 검색 성공
광나루역 좌표 검색 성공
명일근린공원 좌표 검색 성공
오금1교(올림픽공원역) 좌표 검색 성공

-----
[1m[31mFATAL[39m[0m: An unexpected Turbopack error occurred. A panic log has been written to /var/folders/0c/3z2p6gw57r906stxcqtc2bnr0000gn/T/next-panic-ecd5961ffe5ac9a5e9c7f44a9cdabf2b.log.

To help make Turbopack better, report this error by ]8;;https://bugs.nextjs.org/search?category=turbopack-error-report&title=Turbopack%20Error%3A%20Failed%20to%20write%20app%20endpoint%20%2Fmap%2Fpage&body=Turbopack%20version%3A%20%60ee6e79b1%60%0ANext.js%20version%3A%20%600.0.0%60%0A%0AError%20message%3A%0A%60%60%60%0AFailed%20to%20write%20app%20endpoint%20%2Fmap%2Fpage%0A%0ACaused%20by%3A%0A-%20Next.js%20package%20not%20found%0A%0ADebug%20info%3A%0A-%20Execution%20of%20Project%3A%3Ahmr_version_state%20failed%0A-%20Execution%20of%20hmr_version_operation%20failed%0A-%20Execution%20of%20VersionedContentMap%3A%3Aget%20failed%0A-%20Execution%20of%20VersionedContentMap%3A%3Aget_asset%20failed%0A-%20Execution%20of%20VersionedContentMap%3A%3Acompute_entry%20failed%0A-%20Execution%20of%20%2Aemit_assets%20failed%0A-%20Execution%20of%20all_assets_from_entries_operation%20failed%0A-%20Execution%20of%20%2Aall_assets_from_entries%20failed%0A-%20Execution%20of%20endpoint_output_assets_operation%20failed%0A-%20Execution%20of%20%3CAppEndpoint%20as%20Endpoint%3E%3A%3Aoutput%20failed%0A-%20Failed%20to%20write%20app%20endpoint%20%2Fmap%2Fpage%0A-%20Execution%20of%20%2Aall_asset_paths%20failed%0A-%20Execution%20of%20%2AAppEndpointOutput%3A%3Aoutput_assets%20failed%0A-%20Execution%20of%20AppEndpoint%3A%3Aoutput%20failed%0A-%20Execution%20of%20AppEndpoint%3A%3Aapp_page_entry%20failed%0A-%20Execution%20of%20%2Aget_app_page_entry%20failed%0A-%20Execution%20of%20AppProject%3A%3Arsc_module_context%20failed%0A-%20Execution%20of%20%2AModuleAssetContext%3A%3Anew%20failed%0A-%20Execution%20of%20%2AAppProject%3A%3Aget_rsc_transitions%20failed%0A-%20Execution%20of%20AppProject%3A%3Aecmascript_client_reference_transition%20failed%0A-%20Execution%20of%20%2ANextEcmascriptClientReferenceTransition%3A%3Anew%20failed%0A-%20Execution%20of%20AppProject%3A%3Assr_transition%20failed%0A-%20Execution%20of%20%2AFullContextTransition%3A%3Anew%20failed%0A-%20Execution%20of%20AppProject%3A%3Assr_module_context%20failed%0A-%20Execution%20of%20AppProject%3A%3Ashared_transition%20failed%0A-%20Execution%20of%20%2AFullContextTransition%3A%3Anew%20failed%0A-%20Execution%20of%20AppProject%3A%3Ashared_module_context%20failed%0A-%20Execution%20of%20%2AModuleAssetContext%3A%3Anew%20failed%0A-%20Execution%20of%20get_server_resolve_options_context%20failed%0A-%20Execution%20of%20get_next_server_import_map%20failed%0A-%20Next.js%20package%20not%20found%0A%60%60%60&labels=Turbopack,Turbopack%20Panic%20Backtrace\clicking here.]8;;\
-----

도봉산역 좌표 검색 성공
당고개공원 갈림길 좌표 검색 성공
상계동 나들이 철쭉동산 좌표 검색 성공
화랑대역 좌표 검색 성공
 GET /map 200 in 67ms (next.js: 1123µs, application-code: 66ms)
깔딱고개 쉼터 좌표 검색 성공
광나루역 좌표 검색 성공
명일근린공원 좌표 검색 성공
오금1교(올림픽공원역) 좌표 검색 성공
도봉산역 좌표 검색 성공
당고개공원 갈림길 좌표 검색 성공
상계동 나들이 철쭉동산 좌표 검색 성공
화랑대역 좌표 검색 성공
 GET /map 200 in 63ms (next.js: 1014µs, application-code: 62ms)
깔딱고개 쉼터 좌표 검색 성공
광나루역 좌표 검색 성공
명일근린공원 좌표 검색 성공
오금1교(올림픽공원역) 좌표 검색 성공
도봉산역 좌표 검색 성공
당고개공원 갈림길 좌표 검색 성공
상계동 나들이 철쭉동산 좌표 검색 성공
화랑대역 좌표 검색 성공
 GET /map 200 in 65ms (next.js: 814µs, application-code: 64ms)
깔딱고개 쉼터 좌표 검색 성공
광나루역 좌표 검색 성공
명일근린공원 좌표 검색 성공
오금1교(올림픽공원역) 좌표 검색 성공
도봉산역 좌표 검색 성공
당고개공원 갈림길 좌표 검색 성공
상계동 나들이 철쭉동산 좌표 검색 성공
화랑대역 좌표 검색 성공
 GET /map 200 in 63ms (next.js: 1255µs, application-code: 62ms)
깔딱고개 쉼터 좌표 검색 성공
광나루역 좌표 검색 성공
명일근린공원 좌표 검색 성공
오금1교(올림픽공원역) 좌표 검색 성공
도봉산역 좌표 검색 성공
당고개공원 갈림길 좌표 검색 성공
상계동 나들이 철쭉동산 좌표 검색 성공
화랑대역 좌표 검색 성공
 GET /map 200 in 65ms (next.js: 984µs, application-code: 64ms)
깔딱고개 쉼터 좌표 검색 성공
광나루역 좌표 검색 성공
명일근린공원 좌표 검색 성공
오금1교(올림픽공원역) 좌표 검색 성공
도봉산역 좌표 검색 성공
당고개공원 갈림길 좌표 검색 성공
상계동 나들이 철쭉동산 좌표 검색 성공
화랑대역 좌표 검색 성공
 GET /map 200 in 61ms (next.js: 1163µs, application-code: 60ms)
깔딱고개 쉼터 좌표 검색 성공
광나루역 좌표 검색 성공
명일근린공원 좌표 검색 성공
오금1교(올림픽공원역) 좌표 검색 성공
도봉산역 좌표 검색 성공
당고개공원 갈림길 좌표 검색 성공
상계동 나들이 철쭉동산 좌표 검색 성공
화랑대역 좌표 검색 성공
 GET /map 200 in 66ms (next.js: 999µs, application-code: 65ms)
깔딱고개 쉼터 좌표 검색 성공
광나루역 좌표 검색 성공
명일근린공원 좌표 검색 성공
오금1교(올림픽공원역) 좌표 검색 성공
도봉산역 좌표 검색 성공
당고개공원 갈림길 좌표 검색 성공
상계동 나들이 철쭉동산 좌표 검색 성공
화랑대역 좌표 검색 성공
 GET /map 200 in 63ms (next.js: 962µs, application-code: 62ms)
깔딱고개 쉼터 좌표 검색 성공
광나루역 좌표 검색 성공
명일근린공원 좌표 검색 성공
오금1교(올림픽공원역) 좌표 검색 성공
도봉산역 좌표 검색 성공
당고개공원 갈림길 좌표 검색 성공
상계동 나들이 철쭉동산 좌표 검색 성공
화랑대역 좌표 검색 성공
 GET /map 200 in 62ms (next.js: 950µs, application-code: 61ms)
깔딱고개 쉼터 좌표 검색 성공
광나루역 좌표 검색 성공
명일근린공원 좌표 검색 성공
오금1교(올림픽공원역) 좌표 검색 성공
도봉산역 좌표 검색 성공
당고개공원 갈림길 좌표 검색 성공
상계동 나들이 철쭉동산 좌표 검색 성공
화랑대역 좌표 검색 성공
 GET /map 200 in 61ms (next.js: 858µs, application-code: 60ms)
깔딱고개 쉼터 좌표 검색 성공
광나루역 좌표 검색 성공
명일근린공원 좌표 검색 성공
오금1교(올림픽공원역) 좌표 검색 성공
도봉산역 좌표 검색 성공
당고개공원 갈림길 좌표 검색 성공
상계동 나들이 철쭉동산 좌표 검색 성공
화랑대역 좌표 검색 성공
깔딱고개 쉼터 좌표 검색 성공
광나루역 좌표 검색 성공
명일근린공원 좌표 검색 성공
오금1교(올림픽공원역) 좌표 검색 성공
 GET /map 200 in 68ms (next.js: 954µs, application-code: 67ms)
도봉산역 좌표 검색 성공
당고개공원 갈림길 좌표 검색 성공
상계동 나들이 철쭉동산 좌표 검색 성공
화랑대역 좌표 검색 성공
깔딱고개 쉼터 좌표 검색 성공
광나루역 좌표 검색 성공
명일근린공원 좌표 검색 성공
오금1교(올림픽공원역) 좌표 검색 성공
 GET /map 200 in 70ms (next.js: 986µs, application-code: 69ms)
도봉산역 좌표 검색 성공
당고개공원 갈림길 좌표 검색 성공
상계동 나들이 철쭉동산 좌표 검색 성공
화랑대역 좌표 검색 성공
깔딱고개 쉼터 좌표 검색 성공
광나루역 좌표 검색 성공
명일근린공원 좌표 검색 성공
오금1교(올림픽공원역) 좌표 검색 성공
 GET /map 200 in 66ms (next.js: 1053µs, application-code: 65ms)
도봉산역 좌표 검색 성공
당고개공원 갈림길 좌표 검색 성공
상계동 나들이 철쭉동산 좌표 검색 성공
화랑대역 좌표 검색 성공
깔딱고개 쉼터 좌표 검색 성공
광나루역 좌표 검색 성공
명일근린공원 좌표 검색 성공
오금1교(올림픽공원역) 좌표 검색 성공
 GET /map 200 in 66ms (next.js: 1114µs, application-code: 65ms)
도봉산역 좌표 검색 성공
당고개공원 갈림길 좌표 검색 성공
상계동 나들이 철쭉동산 좌표 검색 성공
화랑대역 좌표 검색 성공
깔딱고개 쉼터 좌표 검색 성공
광나루역 좌표 검색 성공
명일근린공원 좌표 검색 성공
오금1교(올림픽공원역) 좌표 검색 성공
 GET /map 200 in 61ms (next.js: 908µs, application-code: 60ms)
도봉산역 좌표 검색 성공
당고개공원 갈림길 좌표 검색 성공
상계동 나들이 철쭉동산 좌표 검색 성공
화랑대역 좌표 검색 성공
깔딱고개 쉼터 좌표 검색 성공
광나루역 좌표 검색 성공
명일근린공원 좌표 검색 성공
오금1교(올림픽공원역) 좌표 검색 성공
 GET /map 200 in 66ms (next.js: 1011µs, application-code: 65ms)
도봉산역 좌표 검색 성공
당고개공원 갈림길 좌표 검색 성공
상계동 나들이 철쭉동산 좌표 검색 성공
화랑대역 좌표 검색 성공
깔딱고개 쉼터 좌표 검색 성공
광나루역 좌표 검색 성공
명일근린공원 좌표 검색 성공
오금1교(올림픽공원역) 좌표 검색 성공
 GET /map 200 in 69ms (next.js: 868µs, application-code: 68ms)
깔딱고개 쉼터 좌표 검색 성공
광나루역 좌표 검색 성공
명일근린공원 좌표 검색 성공
오금1교(올림픽공원역) 좌표 검색 성공
도봉산역 좌표 검색 성공
당고개공원 갈림길 좌표 검색 성공
상계동 나들이 철쭉동산 좌표 검색 성공
화랑대역 좌표 검색 성공
 GET /map 200 in 95ms (next.js: 1195µs, application-code: 94ms)
깔딱고개 쉼터 좌표 검색 성공
광나루역 좌표 검색 성공
명일근린공원 좌표 검색 성공
오금1교(올림픽공원역) 좌표 검색 성공
도봉산역 좌표 검색 성공
당고개공원 갈림길 좌표 검색 성공
상계동 나들이 철쭉동산 좌표 검색 성공
화랑대역 좌표 검색 성공
 GET /map 200 in 63ms (next.js: 883µs, application-code: 62ms)
깔딱고개 쉼터 좌표 검색 성공
광나루역 좌표 검색 성공
명일근린공원 좌표 검색 성공
오금1교(올림픽공원역) 좌표 검색 성공
수서역 좌표 검색 성공
매헌시민의숲(양재시민의숲역) 좌표 검색 성공
사당역 갈림길 좌표 검색 성공
관악산공원 입구 좌표 검색 성공
수서역 좌표 검색 성공
매헌시민의숲(양재시민의숲역) 좌표 검색 성공
사당역 갈림길 좌표 검색 성공
관악산공원 입구 좌표 검색 성공
도봉산역 좌표 검색 성공
당고개공원 갈림길 좌표 검색 성공
상계동 나들이 철쭉동산 좌표 검색 성공
화랑대역 좌표 검색 성공
 GET /map 200 in 62ms (next.js: 1031µs, application-code: 61ms)
깔딱고개 쉼터 좌표 검색 성공
광나루역 좌표 검색 성공
명일근린공원 좌표 검색 성공
오금1교(올림픽공원역) 좌표 검색 성공
수서역 좌표 검색 성공
매헌시민의숲(양재시민의숲역) 좌표 검색 성공
사당역 갈림길 좌표 검색 성공
관악산공원 입구 좌표 검색 성공
도봉산역 좌표 검색 성공
당고개공원 갈림길 좌표 검색 성공
상계동 나들이 철쭉동산 좌표 검색 성공
화랑대역 좌표 검색 성공
 GET /map 200 in 63ms (next.js: 894µs, application-code: 62ms)
깔딱고개 쉼터 좌표 검색 성공
광나루역 좌표 검색 성공
명일근린공원 좌표 검색 성공
오금1교(올림픽공원역) 좌표 검색 성공

-----
[1m[31mFATAL[39m[0m: An unexpected Turbopack error occurred. A panic log has been written to /var/folders/0c/3z2p6gw57r906stxcqtc2bnr0000gn/T/next-panic-ecd5961ffe5ac9a5e9c7f44a9cdabf2b.log.

To help make Turbopack better, report this error by ]8;;https://bugs.nextjs.org/search?category=turbopack-error-report&title=Turbopack%20Error%3A%20Failed%20to%20write%20app%20endpoint%20%2Fmap%2Fpage&body=Turbopack%20version%3A%20%60ee6e79b1%60%0ANext.js%20version%3A%20%600.0.0%60%0A%0AError%20message%3A%0A%60%60%60%0AFailed%20to%20write%20app%20endpoint%20%2Fmap%2Fpage%0A%0ACaused%20by%3A%0A-%20Next.js%20package%20not%20found%0A%0ADebug%20info%3A%0A-%20Execution%20of%20Project%3A%3Ahmr_version_state%20failed%0A-%20Execution%20of%20hmr_version_operation%20failed%0A-%20Execution%20of%20VersionedContentMap%3A%3Aget%20failed%0A-%20Execution%20of%20VersionedContentMap%3A%3Aget_asset%20failed%0A-%20Execution%20of%20VersionedContentMap%3A%3Acompute_entry%20failed%0A-%20Execution%20of%20%2Aemit_assets%20failed%0A-%20Execution%20of%20all_assets_from_entries_operation%20failed%0A-%20Execution%20of%20%2Aall_assets_from_entries%20failed%0A-%20Execution%20of%20endpoint_output_assets_operation%20failed%0A-%20Execution%20of%20%3CAppEndpoint%20as%20Endpoint%3E%3A%3Aoutput%20failed%0A-%20Failed%20to%20write%20app%20endpoint%20%2Fmap%2Fpage%0A-%20Execution%20of%20%2Aall_asset_paths%20failed%0A-%20Execution%20of%20%2AAppEndpointOutput%3A%3Aoutput_assets%20failed%0A-%20Execution%20of%20AppEndpoint%3A%3Aoutput%20failed%0A-%20Execution%20of%20AppEndpoint%3A%3Aapp_page_entry%20failed%0A-%20Execution%20of%20%2Aget_app_page_entry%20failed%0A-%20Execution%20of%20AppProject%3A%3Arsc_module_context%20failed%0A-%20Execution%20of%20%2AModuleAssetContext%3A%3Anew%20failed%0A-%20Execution%20of%20%2AAppProject%3A%3Aget_rsc_transitions%20failed%0A-%20Execution%20of%20AppProject%3A%3Aecmascript_client_reference_transition%20failed%0A-%20Execution%20of%20%2ANextEcmascriptClientReferenceTransition%3A%3Anew%20failed%0A-%20Execution%20of%20AppProject%3A%3Assr_transition%20failed%0A-%20Execution%20of%20%2AFullContextTransition%3A%3Anew%20failed%0A-%20Execution%20of%20AppProject%3A%3Assr_module_context%20failed%0A-%20Execution%20of%20AppProject%3A%3Ashared_transition%20failed%0A-%20Execution%20of%20%2AFullContextTransition%3A%3Anew%20failed%0A-%20Execution%20of%20AppProject%3A%3Ashared_module_context%20failed%0A-%20Execution%20of%20%2AModuleAssetContext%3A%3Anew%20failed%0A-%20Execution%20of%20get_server_resolve_options_context%20failed%0A-%20Execution%20of%20get_next_server_import_map%20failed%0A-%20Next.js%20package%20not%20found%0A%60%60%60&labels=Turbopack,Turbopack%20Panic%20Backtrace\clicking here.]8;;\
-----

수서역 좌표 검색 성공
매헌시민의숲(양재시민의숲역) 좌표 검색 성공
사당역 갈림길 좌표 검색 성공
관악산공원 입구 좌표 검색 성공
도봉산역 좌표 검색 성공
당고개공원 갈림길 좌표 검색 성공
상계동 나들이 철쭉동산 좌표 검색 성공
화랑대역 좌표 검색 성공
 GET /map 200 in 63ms (next.js: 937µs, application-code: 62ms)
깔딱고개 쉼터 좌표 검색 성공
광나루역 좌표 검색 성공
명일근린공원 좌표 검색 성공
오금1교(올림픽공원역) 좌표 검색 성공
수서역 좌표 검색 성공
매헌시민의숲(양재시민의숲역) 좌표 검색 성공
사당역 갈림길 좌표 검색 성공
관악산공원 입구 좌표 검색 성공
도봉산역 좌표 검색 성공
당고개공원 갈림길 좌표 검색 성공
상계동 나들이 철쭉동산 좌표 검색 성공
화랑대역 좌표 검색 성공
 GET /map 200 in 65ms (next.js: 1456µs, application-code: 64ms)
깔딱고개 쉼터 좌표 검색 성공
광나루역 좌표 검색 성공
명일근린공원 좌표 검색 성공
오금1교(올림픽공원역) 좌표 검색 성공
수서역 좌표 검색 성공
매헌시민의숲(양재시민의숲역) 좌표 검색 성공
사당역 갈림길 좌표 검색 성공
관악산공원 입구 좌표 검색 성공
도봉산역 좌표 검색 성공
당고개공원 갈림길 좌표 검색 성공
상계동 나들이 철쭉동산 좌표 검색 성공
화랑대역 좌표 검색 성공
 GET /map 200 in 65ms (next.js: 775µs, application-code: 65ms)
깔딱고개 쉼터 좌표 검색 성공
광나루역 좌표 검색 성공
명일근린공원 좌표 검색 성공
오금1교(올림픽공원역) 좌표 검색 성공
수서역 좌표 검색 성공
매헌시민의숲(양재시민의숲역) 좌표 검색 성공
사당역 갈림길 좌표 검색 성공
관악산공원 입구 좌표 검색 성공
도봉산역 좌표 검색 성공
당고개공원 갈림길 좌표 검색 성공
상계동 나들이 철쭉동산 좌표 검색 성공
화랑대역 좌표 검색 성공
 GET /map 200 in 65ms (next.js: 878µs, application-code: 64ms)
깔딱고개 쉼터 좌표 검색 성공
광나루역 좌표 검색 성공
명일근린공원 좌표 검색 성공
오금1교(올림픽공원역) 좌표 검색 성공
수서역 좌표 검색 성공
매헌시민의숲(양재시민의숲역) 좌표 검색 성공
사당역 갈림길 좌표 검색 성공
관악산공원 입구 좌표 검색 성공
도봉산역 좌표 검색 성공
당고개공원 갈림길 좌표 검색 성공
상계동 나들이 철쭉동산 좌표 검색 성공
화랑대역 좌표 검색 성공
 GET /map 200 in 62ms (next.js: 990µs, application-code: 61ms)
깔딱고개 쉼터 좌표 검색 성공
광나루역 좌표 검색 성공
명일근린공원 좌표 검색 성공
오금1교(올림픽공원역) 좌표 검색 성공
수서역 좌표 검색 성공
매헌시민의숲(양재시민의숲역) 좌표 검색 성공
사당역 갈림길 좌표 검색 성공
관악산공원 입구 좌표 검색 성공
도봉산역 좌표 검색 성공
당고개공원 갈림길 좌표 검색 성공
상계동 나들이 철쭉동산 좌표 검색 성공
화랑대역 좌표 검색 성공
 GET /map 200 in 64ms (next.js: 1072µs, application-code: 63ms)
깔딱고개 쉼터 좌표 검색 성공
광나루역 좌표 검색 성공
명일근린공원 좌표 검색 성공
오금1교(올림픽공원역) 좌표 검색 성공
수서역 좌표 검색 성공
매헌시민의숲(양재시민의숲역) 좌표 검색 성공
사당역 갈림길 좌표 검색 성공
관악산공원 입구 좌표 검색 성공
도봉산역 좌표 검색 성공
당고개공원 갈림길 좌표 검색 성공
상계동 나들이 철쭉동산 좌표 검색 성공
화랑대역 좌표 검색 성공
 GET /map 200 in 66ms (next.js: 1069µs, application-code: 65ms)
깔딱고개 쉼터 좌표 검색 성공
광나루역 좌표 검색 성공
명일근린공원 좌표 검색 성공
오금1교(올림픽공원역) 좌표 검색 성공
수서역 좌표 검색 성공
매헌시민의숲(양재시민의숲역) 좌표 검색 성공
사당역 갈림길 좌표 검색 성공
관악산공원 입구 좌표 검색 성공
도봉산역 좌표 검색 성공
당고개공원 갈림길 좌표 검색 성공
상계동 나들이 철쭉동산 좌표 검색 성공
화랑대역 좌표 검색 성공
 GET /map 200 in 69ms (next.js: 1191µs, application-code: 67ms)
깔딱고개 쉼터 좌표 검색 성공
광나루역 좌표 검색 성공
명일근린공원 좌표 검색 성공
오금1교(올림픽공원역) 좌표 검색 성공
수서역 좌표 검색 성공
매헌시민의숲(양재시민의숲역) 좌표 검색 성공
사당역 갈림길 좌표 검색 성공
관악산공원 입구 좌표 검색 성공
도봉산역 좌표 검색 성공
당고개공원 갈림길 좌표 검색 성공
상계동 나들이 철쭉동산 좌표 검색 성공
화랑대역 좌표 검색 성공
 GET /map 200 in 63ms (next.js: 1105µs, application-code: 62ms)
깔딱고개 쉼터 좌표 검색 성공
광나루역 좌표 검색 성공
명일근린공원 좌표 검색 성공
오금1교(올림픽공원역) 좌표 검색 성공
수서역 좌표 검색 성공
매헌시민의숲(양재시민의숲역) 좌표 검색 성공
사당역 갈림길 좌표 검색 성공
관악산공원 입구 좌표 검색 성공
도봉산역 좌표 검색 성공
당고개공원 갈림길 좌표 검색 성공
상계동 나들이 철쭉동산 좌표 검색 성공
화랑대역 좌표 검색 성공
 GET /map 200 in 61ms (next.js: 846µs, application-code: 60ms)
깔딱고개 쉼터 좌표 검색 성공
광나루역 좌표 검색 성공
명일근린공원 좌표 검색 성공
오금1교(올림픽공원역) 좌표 검색 성공
수서역 좌표 검색 성공
매헌시민의숲(양재시민의숲역) 좌표 검색 성공
사당역 갈림길 좌표 검색 성공
관악산공원 입구 좌표 검색 성공
도봉산역 좌표 검색 성공
당고개공원 갈림길 좌표 검색 성공
상계동 나들이 철쭉동산 좌표 검색 성공
화랑대역 좌표 검색 성공
 GET /map 200 in 66ms (next.js: 805µs, application-code: 65ms)
깔딱고개 쉼터 좌표 검색 성공
광나루역 좌표 검색 성공
명일근린공원 좌표 검색 성공
오금1교(올림픽공원역) 좌표 검색 성공
수서역 좌표 검색 성공
매헌시민의숲(양재시민의숲역) 좌표 검색 성공
사당역 갈림길 좌표 검색 성공
관악산공원 입구 좌표 검색 성공
도봉산역 좌표 검색 성공
당고개공원 갈림길 좌표 검색 성공
상계동 나들이 철쭉동산 좌표 검색 성공
화랑대역 좌표 검색 성공
 GET /map 200 in 66ms (next.js: 1061µs, application-code: 65ms)
깔딱고개 쉼터 좌표 검색 성공
광나루역 좌표 검색 성공
명일근린공원 좌표 검색 성공
오금1교(올림픽공원역) 좌표 검색 성공
수서역 좌표 검색 성공
매헌시민의숲(양재시민의숲역) 좌표 검색 성공
사당역 갈림길 좌표 검색 성공
관악산공원 입구 좌표 검색 성공
도봉산역 좌표 검색 성공
당고개공원 갈림길 좌표 검색 성공
상계동 나들이 철쭉동산 좌표 검색 성공
화랑대역 좌표 검색 성공
깔딱고개 쉼터 좌표 검색 성공
광나루역 좌표 검색 성공
명일근린공원 좌표 검색 성공
오금1교(올림픽공원역) 좌표 검색 성공
 GET /map 200 in 66ms (next.js: 862µs, application-code: 66ms)
수서역 좌표 검색 성공
매헌시민의숲(양재시민의숲역) 좌표 검색 성공
사당역 갈림길 좌표 검색 성공
관악산공원 입구 좌표 검색 성공
도봉산역 좌표 검색 성공
당고개공원 갈림길 좌표 검색 성공
상계동 나들이 철쭉동산 좌표 검색 성공
화랑대역 좌표 검색 성공
깔딱고개 쉼터 좌표 검색 성공
광나루역 좌표 검색 성공
명일근린공원 좌표 검색 성공
오금1교(올림픽공원역) 좌표 검색 성공
 GET /map 200 in 63ms (next.js: 925µs, application-code: 62ms)
수서역 좌표 검색 성공
매헌시민의숲(양재시민의숲역) 좌표 검색 성공
사당역 갈림길 좌표 검색 성공
관악산공원 입구 좌표 검색 성공
도봉산역 좌표 검색 성공
당고개공원 갈림길 좌표 검색 성공
상계동 나들이 철쭉동산 좌표 검색 성공
화랑대역 좌표 검색 성공
 GET /map 200 in 61ms (next.js: 1031µs, application-code: 60ms)
깔딱고개 쉼터 좌표 검색 성공
광나루역 좌표 검색 성공
명일근린공원 좌표 검색 성공
오금1교(올림픽공원역) 좌표 검색 성공
수서역 좌표 검색 성공
매헌시민의숲(양재시민의숲역) 좌표 검색 성공
사당역 갈림길 좌표 검색 성공
관악산공원 입구 좌표 검색 성공
도봉산역 좌표 검색 성공
당고개공원 갈림길 좌표 검색 성공
상계동 나들이 철쭉동산 좌표 검색 성공
화랑대역 좌표 검색 성공
 GET /map 200 in 61ms (next.js: 781µs, application-code: 60ms)
깔딱고개 쉼터 좌표 검색 성공
광나루역 좌표 검색 성공
명일근린공원 좌표 검색 성공
오금1교(올림픽공원역) 좌표 검색 성공
수서역 좌표 검색 성공
매헌시민의숲(양재시민의숲역) 좌표 검색 성공
사당역 갈림길 좌표 검색 성공
관악산공원 입구 좌표 검색 성공
도봉산역 좌표 검색 성공
당고개공원 갈림길 좌표 검색 성공
상계동 나들이 철쭉동산 좌표 검색 성공
화랑대역 좌표 검색 성공
수서역 좌표 검색 성공
매헌시민의숲(양재시민의숲역) 좌표 검색 성공
사당역 갈림길 좌표 검색 성공
관악산공원 입구 좌표 검색 성공
 GET /map 200 in 71ms (next.js: 960µs, application-code: 70ms)
깔딱고개 쉼터 좌표 검색 성공
광나루역 좌표 검색 성공
명일근린공원 좌표 검색 성공
오금1교(올림픽공원역) 좌표 검색 성공
도봉산역 좌표 검색 성공
당고개공원 갈림길 좌표 검색 성공
상계동 나들이 철쭉동산 좌표 검색 성공
화랑대역 좌표 검색 성공
수서역 좌표 검색 성공
매헌시민의숲(양재시민의숲역) 좌표 검색 성공
사당역 갈림길 좌표 검색 성공
관악산공원 입구 좌표 검색 성공
 GET /map 200 in 67ms (next.js: 1092µs, application-code: 66ms)
깔딱고개 쉼터 좌표 검색 성공
광나루역 좌표 검색 성공
명일근린공원 좌표 검색 성공
오금1교(올림픽공원역) 좌표 검색 성공
도봉산역 좌표 검색 성공
당고개공원 갈림길 좌표 검색 성공
상계동 나들이 철쭉동산 좌표 검색 성공
화랑대역 좌표 검색 성공
수서역 좌표 검색 성공
매헌시민의숲(양재시민의숲역) 좌표 검색 성공
사당역 갈림길 좌표 검색 성공
관악산공원 입구 좌표 검색 성공
 GET /map 200 in 67ms (next.js: 1149µs, application-code: 66ms)
석수역 좌표 검색 성공
구일역 좌표 검색 성공
가양대교 남단 좌표 검색 성공
증산역 좌표 검색 성공
석수역 좌표 검색 성공
구일역 좌표 검색 성공
가양대교 남단 좌표 검색 성공
증산역 좌표 검색 성공
깔딱고개 쉼터 좌표 검색 성공
광나루역 좌표 검색 성공
명일근린공원 좌표 검색 성공
오금1교(올림픽공원역) 좌표 검색 성공
도봉산역 좌표 검색 성공
당고개공원 갈림길 좌표 검색 성공
상계동 나들이 철쭉동산 좌표 검색 성공
화랑대역 좌표 검색 성공
수서역 좌표 검색 성공
매헌시민의숲(양재시민의숲역) 좌표 검색 성공
사당역 갈림길 좌표 검색 성공
관악산공원 입구 좌표 검색 성공
 GET /map 200 in 71ms (next.js: 872µs, application-code: 70ms)
석수역 좌표 검색 성공
구일역 좌표 검색 성공
가양대교 남단 좌표 검색 성공
증산역 좌표 검색 성공
깔딱고개 쉼터 좌표 검색 성공
광나루역 좌표 검색 성공
명일근린공원 좌표 검색 성공
오금1교(올림픽공원역) 좌표 검색 성공
도봉산역 좌표 검색 성공
당고개공원 갈림길 좌표 검색 성공
상계동 나들이 철쭉동산 좌표 검색 성공
화랑대역 좌표 검색 성공
수서역 좌표 검색 성공
매헌시민의숲(양재시민의숲역) 좌표 검색 성공
사당역 갈림길 좌표 검색 성공
관악산공원 입구 좌표 검색 성공
 GET /map 200 in 73ms (next.js: 868µs, application-code: 72ms)
석수역 좌표 검색 성공
구일역 좌표 검색 성공
가양대교 남단 좌표 검색 성공
증산역 좌표 검색 성공
깔딱고개 쉼터 좌표 검색 성공
광나루역 좌표 검색 성공
명일근린공원 좌표 검색 성공
오금1교(올림픽공원역) 좌표 검색 성공

-----
[1m[31mFATAL[39m[0m: An unexpected Turbopack error occurred. A panic log has been written to /var/folders/0c/3z2p6gw57r906stxcqtc2bnr0000gn/T/next-panic-ecd5961ffe5ac9a5e9c7f44a9cdabf2b.log.

To help make Turbopack better, report this error by ]8;;https://bugs.nextjs.org/search?category=turbopack-error-report&title=Turbopack%20Error%3A%20Failed%20to%20write%20app%20endpoint%20%2Fmap%2Fpage&body=Turbopack%20version%3A%20%60ee6e79b1%60%0ANext.js%20version%3A%20%600.0.0%60%0A%0AError%20message%3A%0A%60%60%60%0AFailed%20to%20write%20app%20endpoint%20%2Fmap%2Fpage%0A%0ACaused%20by%3A%0A-%20Next.js%20package%20not%20found%0A%0ADebug%20info%3A%0A-%20Execution%20of%20Project%3A%3Ahmr_version_state%20failed%0A-%20Execution%20of%20hmr_version_operation%20failed%0A-%20Execution%20of%20VersionedContentMap%3A%3Aget%20failed%0A-%20Execution%20of%20VersionedContentMap%3A%3Aget_asset%20failed%0A-%20Execution%20of%20VersionedContentMap%3A%3Acompute_entry%20failed%0A-%20Execution%20of%20%2Aemit_assets%20failed%0A-%20Execution%20of%20all_assets_from_entries_operation%20failed%0A-%20Execution%20of%20%2Aall_assets_from_entries%20failed%0A-%20Execution%20of%20endpoint_output_assets_operation%20failed%0A-%20Execution%20of%20%3CAppEndpoint%20as%20Endpoint%3E%3A%3Aoutput%20failed%0A-%20Failed%20to%20write%20app%20endpoint%20%2Fmap%2Fpage%0A-%20Execution%20of%20%2Aall_asset_paths%20failed%0A-%20Execution%20of%20%2AAppEndpointOutput%3A%3Aoutput_assets%20failed%0A-%20Execution%20of%20AppEndpoint%3A%3Aoutput%20failed%0A-%20Execution%20of%20AppEndpoint%3A%3Aapp_page_entry%20failed%0A-%20Execution%20of%20%2Aget_app_page_entry%20failed%0A-%20Execution%20of%20AppProject%3A%3Arsc_module_context%20failed%0A-%20Execution%20of%20%2AModuleAssetContext%3A%3Anew%20failed%0A-%20Execution%20of%20%2AAppProject%3A%3Aget_rsc_transitions%20failed%0A-%20Execution%20of%20AppProject%3A%3Aecmascript_client_reference_transition%20failed%0A-%20Execution%20of%20%2ANextEcmascriptClientReferenceTransition%3A%3Anew%20failed%0A-%20Execution%20of%20AppProject%3A%3Assr_transition%20failed%0A-%20Execution%20of%20%2AFullContextTransition%3A%3Anew%20failed%0A-%20Execution%20of%20AppProject%3A%3Assr_module_context%20failed%0A-%20Execution%20of%20AppProject%3A%3Ashared_transition%20failed%0A-%20Execution%20of%20%2AFullContextTransition%3A%3Anew%20failed%0A-%20Execution%20of%20AppProject%3A%3Ashared_module_context%20failed%0A-%20Execution%20of%20%2AModuleAssetContext%3A%3Anew%20failed%0A-%20Execution%20of%20get_server_resolve_options_context%20failed%0A-%20Execution%20of%20get_next_server_import_map%20failed%0A-%20Next.js%20package%20not%20found%0A%60%60%60&labels=Turbopack,Turbopack%20Panic%20Backtrace\clicking here.]8;;\
-----

수서역 좌표 검색 성공
매헌시민의숲(양재시민의숲역) 좌표 검색 성공
사당역 갈림길 좌표 검색 성공
관악산공원 입구 좌표 검색 성공
도봉산역 좌표 검색 성공
당고개공원 갈림길 좌표 검색 성공
상계동 나들이 철쭉동산 좌표 검색 성공
화랑대역 좌표 검색 성공
 GET /map 200 in 71ms (next.js: 1036µs, application-code: 70ms)
석수역 좌표 검색 성공
구일역 좌표 검색 성공
가양대교 남단 좌표 검색 성공
증산역 좌표 검색 성공
깔딱고개 쉼터 좌표 검색 성공
광나루역 좌표 검색 성공
명일근린공원 좌표 검색 성공
오금1교(올림픽공원역) 좌표 검색 성공
수서역 좌표 검색 성공
매헌시민의숲(양재시민의숲역) 좌표 검색 성공
사당역 갈림길 좌표 검색 성공
관악산공원 입구 좌표 검색 성공
도봉산역 좌표 검색 성공
당고개공원 갈림길 좌표 검색 성공
상계동 나들이 철쭉동산 좌표 검색 성공
화랑대역 좌표 검색 성공
석수역 좌표 검색 성공
구일역 좌표 검색 성공
가양대교 남단 좌표 검색 성공
증산역 좌표 검색 성공
 GET /map 200 in 72ms (next.js: 3ms, application-code: 69ms)
깔딱고개 쉼터 좌표 검색 성공
광나루역 좌표 검색 성공
명일근린공원 좌표 검색 성공
오금1교(올림픽공원역) 좌표 검색 성공
수서역 좌표 검색 성공
매헌시민의숲(양재시민의숲역) 좌표 검색 성공
사당역 갈림길 좌표 검색 성공
관악산공원 입구 좌표 검색 성공
도봉산역 좌표 검색 성공
당고개공원 갈림길 좌표 검색 성공
상계동 나들이 철쭉동산 좌표 검색 성공
화랑대역 좌표 검색 성공
석수역 좌표 검색 성공
구일역 좌표 검색 성공
가양대교 남단 좌표 검색 성공
증산역 좌표 검색 성공
 GET /map 200 in 68ms (next.js: 1077µs, application-code: 67ms)
깔딱고개 쉼터 좌표 검색 성공
광나루역 좌표 검색 성공
명일근린공원 좌표 검색 성공
오금1교(올림픽공원역) 좌표 검색 성공
수서역 좌표 검색 성공
매헌시민의숲(양재시민의숲역) 좌표 검색 성공
사당역 갈림길 좌표 검색 성공
관악산공원 입구 좌표 검색 성공
도봉산역 좌표 검색 성공
당고개공원 갈림길 좌표 검색 성공
상계동 나들이 철쭉동산 좌표 검색 성공
화랑대역 좌표 검색 성공
석수역 좌표 검색 성공
구일역 좌표 검색 성공
가양대교 남단 좌표 검색 성공
증산역 좌표 검색 성공
 GET /map 200 in 63ms (next.js: 1063µs, application-code: 62ms)
깔딱고개 쉼터 좌표 검색 성공
광나루역 좌표 검색 성공
명일근린공원 좌표 검색 성공
오금1교(올림픽공원역) 좌표 검색 성공
수서역 좌표 검색 성공
매헌시민의숲(양재시민의숲역) 좌표 검색 성공
사당역 갈림길 좌표 검색 성공
관악산공원 입구 좌표 검색 성공
도봉산역 좌표 검색 성공
당고개공원 갈림길 좌표 검색 성공
상계동 나들이 철쭉동산 좌표 검색 성공
화랑대역 좌표 검색 성공
석수역 좌표 검색 성공
구일역 좌표 검색 성공
가양대교 남단 좌표 검색 성공
증산역 좌표 검색 성공
 GET /map 200 in 69ms (next.js: 887µs, application-code: 68ms)
깔딱고개 쉼터 좌표 검색 성공
광나루역 좌표 검색 성공
명일근린공원 좌표 검색 성공
오금1교(올림픽공원역) 좌표 검색 성공
수서역 좌표 검색 성공
매헌시민의숲(양재시민의숲역) 좌표 검색 성공
사당역 갈림길 좌표 검색 성공
관악산공원 입구 좌표 검색 성공
도봉산역 좌표 검색 성공
당고개공원 갈림길 좌표 검색 성공
상계동 나들이 철쭉동산 좌표 검색 성공
화랑대역 좌표 검색 성공
석수역 좌표 검색 성공
구일역 좌표 검색 성공
가양대교 남단 좌표 검색 성공
증산역 좌표 검색 성공
 GET /map 200 in 64ms (next.js: 860µs, application-code: 63ms)
깔딱고개 쉼터 좌표 검색 성공
광나루역 좌표 검색 성공
명일근린공원 좌표 검색 성공
오금1교(올림픽공원역) 좌표 검색 성공
수서역 좌표 검색 성공
매헌시민의숲(양재시민의숲역) 좌표 검색 성공
사당역 갈림길 좌표 검색 성공
관악산공원 입구 좌표 검색 성공
도봉산역 좌표 검색 성공
당고개공원 갈림길 좌표 검색 성공
상계동 나들이 철쭉동산 좌표 검색 성공
화랑대역 좌표 검색 성공
석수역 좌표 검색 성공
구일역 좌표 검색 성공
가양대교 남단 좌표 검색 성공
증산역 좌표 검색 성공
 GET /map 200 in 70ms (next.js: 959µs, application-code: 69ms)
깔딱고개 쉼터 좌표 검색 성공
광나루역 좌표 검색 성공
명일근린공원 좌표 검색 성공
오금1교(올림픽공원역) 좌표 검색 성공
수서역 좌표 검색 성공
매헌시민의숲(양재시민의숲역) 좌표 검색 성공
사당역 갈림길 좌표 검색 성공
관악산공원 입구 좌표 검색 성공
석수역 좌표 검색 성공
구일역 좌표 검색 성공
가양대교 남단 좌표 검색 성공
증산역 좌표 검색 성공
도봉산역 좌표 검색 성공
당고개공원 갈림길 좌표 검색 성공
상계동 나들이 철쭉동산 좌표 검색 성공
화랑대역 좌표 검색 성공
 GET /map 200 in 68ms (next.js: 925µs, application-code: 67ms)
깔딱고개 쉼터 좌표 검색 성공
광나루역 좌표 검색 성공
명일근린공원 좌표 검색 성공
오금1교(올림픽공원역) 좌표 검색 성공
수서역 좌표 검색 성공
매헌시민의숲(양재시민의숲역) 좌표 검색 성공
사당역 갈림길 좌표 검색 성공
관악산공원 입구 좌표 검색 성공
석수역 좌표 검색 성공
구일역 좌표 검색 성공
가양대교 남단 좌표 검색 성공
증산역 좌표 검색 성공
도봉산역 좌표 검색 성공
당고개공원 갈림길 좌표 검색 성공
상계동 나들이 철쭉동산 좌표 검색 성공
화랑대역 좌표 검색 성공
깔딱고개 쉼터 좌표 검색 성공
광나루역 좌표 검색 성공
명일근린공원 좌표 검색 성공
오금1교(올림픽공원역) 좌표 검색 성공
 GET /map 200 in 70ms (next.js: 913µs, application-code: 69ms)
수서역 좌표 검색 성공
매헌시민의숲(양재시민의숲역) 좌표 검색 성공
사당역 갈림길 좌표 검색 성공
관악산공원 입구 좌표 검색 성공
석수역 좌표 검색 성공
구일역 좌표 검색 성공
가양대교 남단 좌표 검색 성공
증산역 좌표 검색 성공
도봉산역 좌표 검색 성공
당고개공원 갈림길 좌표 검색 성공
상계동 나들이 철쭉동산 좌표 검색 성공
화랑대역 좌표 검색 성공
깔딱고개 쉼터 좌표 검색 성공
광나루역 좌표 검색 성공
명일근린공원 좌표 검색 성공
오금1교(올림픽공원역) 좌표 검색 성공
 GET /map 200 in 75ms (next.js: 946µs, application-code: 74ms)
수서역 좌표 검색 성공
매헌시민의숲(양재시민의숲역) 좌표 검색 성공
사당역 갈림길 좌표 검색 성공
관악산공원 입구 좌표 검색 성공
석수역 좌표 검색 성공
구일역 좌표 검색 성공
가양대교 남단 좌표 검색 성공
증산역 좌표 검색 성공
도봉산역 좌표 검색 성공
당고개공원 갈림길 좌표 검색 성공
상계동 나들이 철쭉동산 좌표 검색 성공
화랑대역 좌표 검색 성공
깔딱고개 쉼터 좌표 검색 성공
광나루역 좌표 검색 성공
명일근린공원 좌표 검색 성공
오금1교(올림픽공원역) 좌표 검색 성공
 GET /map 200 in 67ms (next.js: 783µs, application-code: 66ms)
수서역 좌표 검색 성공
매헌시민의숲(양재시민의숲역) 좌표 검색 성공
사당역 갈림길 좌표 검색 성공
관악산공원 입구 좌표 검색 성공
석수역 좌표 검색 성공
구일역 좌표 검색 성공
가양대교 남단 좌표 검색 성공
증산역 좌표 검색 성공
도봉산역 좌표 검색 성공
당고개공원 갈림길 좌표 검색 성공
상계동 나들이 철쭉동산 좌표 검색 성공
화랑대역 좌표 검색 성공
깔딱고개 쉼터 좌표 검색 성공
광나루역 좌표 검색 성공
명일근린공원 좌표 검색 성공
오금1교(올림픽공원역) 좌표 검색 성공
 GET /map 200 in 68ms (next.js: 1149µs, application-code: 67ms)
수서역 좌표 검색 성공
매헌시민의숲(양재시민의숲역) 좌표 검색 성공
사당역 갈림길 좌표 검색 성공
관악산공원 입구 좌표 검색 성공
석수역 좌표 검색 성공
구일역 좌표 검색 성공
가양대교 남단 좌표 검색 성공
증산역 좌표 검색 성공
도봉산역 좌표 검색 성공
당고개공원 갈림길 좌표 검색 성공
상계동 나들이 철쭉동산 좌표 검색 성공
화랑대역 좌표 검색 성공
깔딱고개 쉼터 좌표 검색 성공
광나루역 좌표 검색 성공
명일근린공원 좌표 검색 성공
오금1교(올림픽공원역) 좌표 검색 성공
수서역 좌표 검색 성공
매헌시민의숲(양재시민의숲역) 좌표 검색 성공
사당역 갈림길 좌표 검색 성공
관악산공원 입구 좌표 검색 성공
석수역 좌표 검색 성공
구일역 좌표 검색 성공
가양대교 남단 좌표 검색 성공
증산역 좌표 검색 성공
 GET /map 200 in 78ms (next.js: 826µs, application-code: 78ms)
깔딱고개 쉼터 좌표 검색 성공
광나루역 좌표 검색 성공
명일근린공원 좌표 검색 성공
오금1교(올림픽공원역) 좌표 검색 성공
도봉산역 좌표 검색 성공
당고개공원 갈림길 좌표 검색 성공
상계동 나들이 철쭉동산 좌표 검색 성공
화랑대역 좌표 검색 성공
수서역 좌표 검색 성공
매헌시민의숲(양재시민의숲역) 좌표 검색 성공
사당역 갈림길 좌표 검색 성공
관악산공원 입구 좌표 검색 성공
석수역 좌표 검색 성공
구일역 좌표 검색 성공
가양대교 남단 좌표 검색 성공
증산역 좌표 검색 성공
 GET /map 200 in 76ms (next.js: 863µs, application-code: 75ms)
깔딱고개 쉼터 좌표 검색 성공
광나루역 좌표 검색 성공
명일근린공원 좌표 검색 성공
오금1교(올림픽공원역) 좌표 검색 성공
도봉산역 좌표 검색 성공
당고개공원 갈림길 좌표 검색 성공
상계동 나들이 철쭉동산 좌표 검색 성공
화랑대역 좌표 검색 성공
수서역 좌표 검색 성공
매헌시민의숲(양재시민의숲역) 좌표 검색 성공
사당역 갈림길 좌표 검색 성공
관악산공원 입구 좌표 검색 성공
 GET /map 200 in 65ms (next.js: 921µs, application-code: 64ms)
석수역 좌표 검색 성공
구일역 좌표 검색 성공
가양대교 남단 좌표 검색 성공
증산역 좌표 검색 성공
도봉산역 좌표 검색 성공
당고개공원 갈림길 좌표 검색 성공
상계동 나들이 철쭉동산 좌표 검색 성공
화랑대역 좌표 검색 성공
깔딱고개 쉼터 좌표 검색 성공
광나루역 좌표 검색 성공
명일근린공원 좌표 검색 성공
오금1교(올림픽공원역) 좌표 검색 성공
석수역 좌표 검색 성공
구일역 좌표 검색 성공
가양대교 남단 좌표 검색 성공
증산역 좌표 검색 성공
 GET /map 200 in 68ms (next.js: 853µs, application-code: 67ms)
수서역 좌표 검색 성공
매헌시민의숲(양재시민의숲역) 좌표 검색 성공
사당역 갈림길 좌표 검색 성공
관악산공원 입구 좌표 검색 성공
깔딱고개 쉼터 좌표 검색 성공
광나루역 좌표 검색 성공
명일근린공원 좌표 검색 성공
오금1교(올림픽공원역) 좌표 검색 성공
도봉산역 좌표 검색 성공
당고개공원 갈림길 좌표 검색 성공
상계동 나들이 철쭉동산 좌표 검색 성공
화랑대역 좌표 검색 성공
석수역 좌표 검색 성공
구일역 좌표 검색 성공
가양대교 남단 좌표 검색 성공
증산역 좌표 검색 성공
 GET /map 200 in 70ms (next.js: 1247µs, application-code: 69ms)
수서역 좌표 검색 성공
매헌시민의숲(양재시민의숲역) 좌표 검색 성공
사당역 갈림길 좌표 검색 성공
관악산공원 입구 좌표 검색 성공
깔딱고개 쉼터 좌표 검색 성공
광나루역 좌표 검색 성공
명일근린공원 좌표 검색 성공
오금1교(올림픽공원역) 좌표 검색 성공
도봉산역 좌표 검색 성공
당고개공원 갈림길 좌표 검색 성공
상계동 나들이 철쭉동산 좌표 검색 성공
화랑대역 좌표 검색 성공
석수역 좌표 검색 성공
구일역 좌표 검색 성공
가양대교 남단 좌표 검색 성공
증산역 좌표 검색 성공
구파발역 좌표 검색 성공
북한산생태공원 좌표 검색 성공
형제봉 입구 좌표 검색 성공
화계사 입구 좌표 검색 성공
 GET /map 200 in 77ms (next.js: 1051µs, application-code: 76ms)
구파발역 좌표 검색 성공
북한산생태공원 좌표 검색 성공
형제봉 입구 좌표 검색 성공
화계사 입구 좌표 검색 성공
수서역 좌표 검색 성공
매헌시민의숲(양재시민의숲역) 좌표 검색 성공
사당역 갈림길 좌표 검색 성공
관악산공원 입구 좌표 검색 성공
깔딱고개 쉼터 좌표 검색 성공
광나루역 좌표 검색 성공
명일근린공원 좌표 검색 성공
오금1교(올림픽공원역) 좌표 검색 성공
석수역 좌표 검색 성공
구일역 좌표 검색 성공
가양대교 남단 좌표 검색 성공
증산역 좌표 검색 성공
도봉산역 좌표 검색 성공
당고개공원 갈림길 좌표 검색 성공
상계동 나들이 철쭉동산 좌표 검색 성공
화랑대역 좌표 검색 성공
구파발역 좌표 검색 성공
북한산생태공원 좌표 검색 성공
형제봉 입구 좌표 검색 성공
화계사 입구 좌표 검색 성공
 GET /map 200 in 77ms (next.js: 1064µs, application-code: 76ms)
수서역 좌표 검색 성공
매헌시민의숲(양재시민의숲역) 좌표 검색 성공
사당역 갈림길 좌표 검색 성공
관악산공원 입구 좌표 검색 성공
깔딱고개 쉼터 좌표 검색 성공
광나루역 좌표 검색 성공
명일근린공원 좌표 검색 성공
오금1교(올림픽공원역) 좌표 검색 성공
도봉산역 좌표 검색 성공
당고개공원 갈림길 좌표 검색 성공
상계동 나들이 철쭉동산 좌표 검색 성공
화랑대역 좌표 검색 성공
석수역 좌표 검색 성공
구일역 좌표 검색 성공
가양대교 남단 좌표 검색 성공
증산역 좌표 검색 성공
구파발역 좌표 검색 성공
북한산생태공원 좌표 검색 성공
형제봉 입구 좌표 검색 성공
화계사 입구 좌표 검색 성공
 GET /map 200 in 68ms (next.js: 1176µs, application-code: 66ms)
수서역 좌표 검색 성공
매헌시민의숲(양재시민의숲역) 좌표 검색 성공
사당역 갈림길 좌표 검색 성공
관악산공원 입구 좌표 검색 성공

-----
[1m[31mFATAL[39m[0m: An unexpected Turbopack error occurred. A panic log has been written to /var/folders/0c/3z2p6gw57r906stxcqtc2bnr0000gn/T/next-panic-ecd5961ffe5ac9a5e9c7f44a9cdabf2b.log.

To help make Turbopack better, report this error by ]8;;https://bugs.nextjs.org/search?category=turbopack-error-report&title=Turbopack%20Error%3A%20Failed%20to%20write%20app%20endpoint%20%2Fmap%2Fpage&body=Turbopack%20version%3A%20%60ee6e79b1%60%0ANext.js%20version%3A%20%600.0.0%60%0A%0AError%20message%3A%0A%60%60%60%0AFailed%20to%20write%20app%20endpoint%20%2Fmap%2Fpage%0A%0ACaused%20by%3A%0A-%20Next.js%20package%20not%20found%0A%0ADebug%20info%3A%0A-%20Execution%20of%20Project%3A%3Ahmr_version_state%20failed%0A-%20Execution%20of%20hmr_version_operation%20failed%0A-%20Execution%20of%20VersionedContentMap%3A%3Aget%20failed%0A-%20Execution%20of%20VersionedContentMap%3A%3Aget_asset%20failed%0A-%20Execution%20of%20VersionedContentMap%3A%3Acompute_entry%20failed%0A-%20Execution%20of%20%2Aemit_assets%20failed%0A-%20Execution%20of%20all_assets_from_entries_operation%20failed%0A-%20Execution%20of%20%2Aall_assets_from_entries%20failed%0A-%20Execution%20of%20endpoint_output_assets_operation%20failed%0A-%20Execution%20of%20%3CAppEndpoint%20as%20Endpoint%3E%3A%3Aoutput%20failed%0A-%20Failed%20to%20write%20app%20endpoint%20%2Fmap%2Fpage%0A-%20Execution%20of%20%2Aall_asset_paths%20failed%0A-%20Execution%20of%20%2AAppEndpointOutput%3A%3Aoutput_assets%20failed%0A-%20Execution%20of%20AppEndpoint%3A%3Aoutput%20failed%0A-%20Execution%20of%20AppEndpoint%3A%3Aapp_page_entry%20failed%0A-%20Execution%20of%20%2Aget_app_page_entry%20failed%0A-%20Execution%20of%20AppProject%3A%3Arsc_module_context%20failed%0A-%20Execution%20of%20%2AModuleAssetContext%3A%3Anew%20failed%0A-%20Execution%20of%20%2AAppProject%3A%3Aget_rsc_transitions%20failed%0A-%20Execution%20of%20AppProject%3A%3Aecmascript_client_reference_transition%20failed%0A-%20Execution%20of%20%2ANextEcmascriptClientReferenceTransition%3A%3Anew%20failed%0A-%20Execution%20of%20AppProject%3A%3Assr_transition%20failed%0A-%20Execution%20of%20%2AFullContextTransition%3A%3Anew%20failed%0A-%20Execution%20of%20AppProject%3A%3Assr_module_context%20failed%0A-%20Execution%20of%20AppProject%3A%3Ashared_transition%20failed%0A-%20Execution%20of%20%2AFullContextTransition%3A%3Anew%20failed%0A-%20Execution%20of%20AppProject%3A%3Ashared_module_context%20failed%0A-%20Execution%20of%20%2AModuleAssetContext%3A%3Anew%20failed%0A-%20Execution%20of%20get_server_resolve_options_context%20failed%0A-%20Execution%20of%20get_next_server_import_map%20failed%0A-%20Next.js%20package%20not%20found%0A%60%60%60&labels=Turbopack,Turbopack%20Panic%20Backtrace\clicking here.]8;;\
-----

석수역 좌표 검색 성공
구일역 좌표 검색 성공
가양대교 남단 좌표 검색 성공
증산역 좌표 검색 성공
깔딱고개 쉼터 좌표 검색 성공
광나루역 좌표 검색 성공
명일근린공원 좌표 검색 성공
오금1교(올림픽공원역) 좌표 검색 성공
도봉산역 좌표 검색 성공
당고개공원 갈림길 좌표 검색 성공
상계동 나들이 철쭉동산 좌표 검색 성공
화랑대역 좌표 검색 성공
구파발역 좌표 검색 성공
북한산생태공원 좌표 검색 성공
형제봉 입구 좌표 검색 성공
화계사 입구 좌표 검색 성공
수서역 좌표 검색 성공
매헌시민의숲(양재시민의숲역) 좌표 검색 성공
사당역 갈림길 좌표 검색 성공
관악산공원 입구 좌표 검색 성공
 GET /map 200 in 70ms (next.js: 905µs, application-code: 70ms)
석수역 좌표 검색 성공
구일역 좌표 검색 성공
가양대교 남단 좌표 검색 성공
증산역 좌표 검색 성공
도봉산역 좌표 검색 성공
당고개공원 갈림길 좌표 검색 성공
상계동 나들이 철쭉동산 좌표 검색 성공
화랑대역 좌표 검색 성공
깔딱고개 쉼터 좌표 검색 성공
광나루역 좌표 검색 성공
명일근린공원 좌표 검색 성공
오금1교(올림픽공원역) 좌표 검색 성공
구파발역 좌표 검색 성공
북한산생태공원 좌표 검색 성공
형제봉 입구 좌표 검색 성공
화계사 입구 좌표 검색 성공
수서역 좌표 검색 성공
매헌시민의숲(양재시민의숲역) 좌표 검색 성공
사당역 갈림길 좌표 검색 성공
관악산공원 입구 좌표 검색 성공
 GET /map 200 in 75ms (next.js: 1097µs, application-code: 74ms)
석수역 좌표 검색 성공
구일역 좌표 검색 성공
가양대교 남단 좌표 검색 성공
증산역 좌표 검색 성공
깔딱고개 쉼터 좌표 검색 성공
광나루역 좌표 검색 성공
명일근린공원 좌표 검색 성공
오금1교(올림픽공원역) 좌표 검색 성공
도봉산역 좌표 검색 성공
당고개공원 갈림길 좌표 검색 성공
상계동 나들이 철쭉동산 좌표 검색 성공
화랑대역 좌표 검색 성공
구파발역 좌표 검색 성공
북한산생태공원 좌표 검색 성공
형제봉 입구 좌표 검색 성공
화계사 입구 좌표 검색 성공
수서역 좌표 검색 성공
매헌시민의숲(양재시민의숲역) 좌표 검색 성공
사당역 갈림길 좌표 검색 성공
관악산공원 입구 좌표 검색 성공
 GET /map 200 in 76ms (next.js: 1050µs, application-code: 75ms)
석수역 좌표 검색 성공
구일역 좌표 검색 성공
가양대교 남단 좌표 검색 성공
증산역 좌표 검색 성공
깔딱고개 쉼터 좌표 검색 성공
광나루역 좌표 검색 성공
명일근린공원 좌표 검색 성공
오금1교(올림픽공원역) 좌표 검색 성공
구파발역 좌표 검색 성공
북한산생태공원 좌표 검색 성공
형제봉 입구 좌표 검색 성공
화계사 입구 좌표 검색 성공
도봉산역 좌표 검색 성공
당고개공원 갈림길 좌표 검색 성공
상계동 나들이 철쭉동산 좌표 검색 성공
화랑대역 좌표 검색 성공
수서역 좌표 검색 성공
매헌시민의숲(양재시민의숲역) 좌표 검색 성공
사당역 갈림길 좌표 검색 성공
관악산공원 입구 좌표 검색 성공
 GET /map 200 in 69ms (next.js: 901µs, application-code: 68ms)
석수역 좌표 검색 성공
구일역 좌표 검색 성공
가양대교 남단 좌표 검색 성공
증산역 좌표 검색 성공
깔딱고개 쉼터 좌표 검색 성공
광나루역 좌표 검색 성공
명일근린공원 좌표 검색 성공
오금1교(올림픽공원역) 좌표 검색 성공
구파발역 좌표 검색 성공
북한산생태공원 좌표 검색 성공
형제봉 입구 좌표 검색 성공
화계사 입구 좌표 검색 성공
도봉산역 좌표 검색 성공
당고개공원 갈림길 좌표 검색 성공
상계동 나들이 철쭉동산 좌표 검색 성공
화랑대역 좌표 검색 성공
수서역 좌표 검색 성공
매헌시민의숲(양재시민의숲역) 좌표 검색 성공
사당역 갈림길 좌표 검색 성공
관악산공원 입구 좌표 검색 성공
 GET /map 200 in 71ms (next.js: 865µs, application-code: 70ms)
석수역 좌표 검색 성공
구일역 좌표 검색 성공
가양대교 남단 좌표 검색 성공
증산역 좌표 검색 성공
깔딱고개 쉼터 좌표 검색 성공
광나루역 좌표 검색 성공
명일근린공원 좌표 검색 성공
오금1교(올림픽공원역) 좌표 검색 성공
구파발역 좌표 검색 성공
북한산생태공원 좌표 검색 성공
형제봉 입구 좌표 검색 성공
화계사 입구 좌표 검색 성공
수서역 좌표 검색 성공
매헌시민의숲(양재시민의숲역) 좌표 검색 성공
사당역 갈림길 좌표 검색 성공
관악산공원 입구 좌표 검색 성공
도봉산역 좌표 검색 성공
당고개공원 갈림길 좌표 검색 성공
상계동 나들이 철쭉동산 좌표 검색 성공
화랑대역 좌표 검색 성공
석수역 좌표 검색 성공
구일역 좌표 검색 성공
가양대교 남단 좌표 검색 성공
증산역 좌표 검색 성공
 GET /map 200 in 76ms (next.js: 1061µs, application-code: 75ms)
깔딱고개 쉼터 좌표 검색 성공
광나루역 좌표 검색 성공
명일근린공원 좌표 검색 성공
오금1교(올림픽공원역) 좌표 검색 성공
구파발역 좌표 검색 성공
북한산생태공원 좌표 검색 성공
형제봉 입구 좌표 검색 성공
화계사 입구 좌표 검색 성공
수서역 좌표 검색 성공
매헌시민의숲(양재시민의숲역) 좌표 검색 성공
사당역 갈림길 좌표 검색 성공
관악산공원 입구 좌표 검색 성공
도봉산역 좌표 검색 성공
당고개공원 갈림길 좌표 검색 성공
상계동 나들이 철쭉동산 좌표 검색 성공
화랑대역 좌표 검색 성공
석수역 좌표 검색 성공
구일역 좌표 검색 성공
가양대교 남단 좌표 검색 성공
증산역 좌표 검색 성공
 GET /map 200 in 70ms (next.js: 1011µs, application-code: 69ms)
구파발역 좌표 검색 성공
북한산생태공원 좌표 검색 성공
형제봉 입구 좌표 검색 성공
화계사 입구 좌표 검색 성공
깔딱고개 쉼터 좌표 검색 성공
광나루역 좌표 검색 성공
명일근린공원 좌표 검색 성공
오금1교(올림픽공원역) 좌표 검색 성공
수서역 좌표 검색 성공
매헌시민의숲(양재시민의숲역) 좌표 검색 성공
사당역 갈림길 좌표 검색 성공
관악산공원 입구 좌표 검색 성공
도봉산역 좌표 검색 성공
당고개공원 갈림길 좌표 검색 성공
상계동 나들이 철쭉동산 좌표 검색 성공
화랑대역 좌표 검색 성공
석수역 좌표 검색 성공
구일역 좌표 검색 성공
가양대교 남단 좌표 검색 성공
증산역 좌표 검색 성공
 GET /map 200 in 66ms (next.js: 932µs, application-code: 65ms)
구파발역 좌표 검색 성공
북한산생태공원 좌표 검색 성공
형제봉 입구 좌표 검색 성공
화계사 입구 좌표 검색 성공
깔딱고개 쉼터 좌표 검색 성공
광나루역 좌표 검색 성공
명일근린공원 좌표 검색 성공
오금1교(올림픽공원역) 좌표 검색 성공
수서역 좌표 검색 성공
매헌시민의숲(양재시민의숲역) 좌표 검색 성공
사당역 갈림길 좌표 검색 성공
관악산공원 입구 좌표 검색 성공
도봉산역 좌표 검색 성공
당고개공원 갈림길 좌표 검색 성공
상계동 나들이 철쭉동산 좌표 검색 성공
화랑대역 좌표 검색 성공
석수역 좌표 검색 성공
구일역 좌표 검색 성공
가양대교 남단 좌표 검색 성공
증산역 좌표 검색 성공
구파발역 좌표 검색 성공
북한산생태공원 좌표 검색 성공
형제봉 입구 좌표 검색 성공
화계사 입구 좌표 검색 성공
 GET /map 200 in 69ms (next.js: 957µs, application-code: 68ms)
깔딱고개 쉼터 좌표 검색 성공
광나루역 좌표 검색 성공
명일근린공원 좌표 검색 성공
오금1교(올림픽공원역) 좌표 검색 성공
수서역 좌표 검색 성공
매헌시민의숲(양재시민의숲역) 좌표 검색 성공
사당역 갈림길 좌표 검색 성공
관악산공원 입구 좌표 검색 성공
도봉산역 좌표 검색 성공
당고개공원 갈림길 좌표 검색 성공
상계동 나들이 철쭉동산 좌표 검색 성공
화랑대역 좌표 검색 성공
석수역 좌표 검색 성공
구일역 좌표 검색 성공
가양대교 남단 좌표 검색 성공
증산역 좌표 검색 성공
구파발역 좌표 검색 성공
북한산생태공원 좌표 검색 성공
형제봉 입구 좌표 검색 성공
화계사 입구 좌표 검색 성공
 GET /map 200 in 75ms (next.js: 990µs, application-code: 74ms)
깔딱고개 쉼터 좌표 검색 성공
광나루역 좌표 검색 성공
명일근린공원 좌표 검색 성공
오금1교(올림픽공원역) 좌표 검색 성공
수서역 좌표 검색 성공
매헌시민의숲(양재시민의숲역) 좌표 검색 성공
사당역 갈림길 좌표 검색 성공
관악산공원 입구 좌표 검색 성공
도봉산역 좌표 검색 성공
당고개공원 갈림길 좌표 검색 성공
상계동 나들이 철쭉동산 좌표 검색 성공
화랑대역 좌표 검색 성공
석수역 좌표 검색 성공
구일역 좌표 검색 성공
가양대교 남단 좌표 검색 성공
증산역 좌표 검색 성공
구파발역 좌표 검색 성공
북한산생태공원 좌표 검색 성공
형제봉 입구 좌표 검색 성공
화계사 입구 좌표 검색 성공
 GET /map 200 in 70ms (next.js: 869µs, application-code: 69ms)
깔딱고개 쉼터 좌표 검색 성공
광나루역 좌표 검색 성공
명일근린공원 좌표 검색 성공
오금1교(올림픽공원역) 좌표 검색 성공
수서역 좌표 검색 성공
매헌시민의숲(양재시민의숲역) 좌표 검색 성공
사당역 갈림길 좌표 검색 성공
관악산공원 입구 좌표 검색 성공
도봉산역 좌표 검색 성공
당고개공원 갈림길 좌표 검색 성공
상계동 나들이 철쭉동산 좌표 검색 성공
화랑대역 좌표 검색 성공
석수역 좌표 검색 성공
구일역 좌표 검색 성공
가양대교 남단 좌표 검색 성공
증산역 좌표 검색 성공
구파발역 좌표 검색 성공
북한산생태공원 좌표 검색 성공
형제봉 입구 좌표 검색 성공
화계사 입구 좌표 검색 성공
 GET /map 200 in 70ms (next.js: 844µs, application-code: 69ms)
깔딱고개 쉼터 좌표 검색 성공
광나루역 좌표 검색 성공
명일근린공원 좌표 검색 성공
오금1교(올림픽공원역) 좌표 검색 성공
수서역 좌표 검색 성공
매헌시민의숲(양재시민의숲역) 좌표 검색 성공
사당역 갈림길 좌표 검색 성공
관악산공원 입구 좌표 검색 성공
석수역 좌표 검색 성공
구일역 좌표 검색 성공
가양대교 남단 좌표 검색 성공
증산역 좌표 검색 성공
도봉산역 좌표 검색 성공
당고개공원 갈림길 좌표 검색 성공
상계동 나들이 철쭉동산 좌표 검색 성공
화랑대역 좌표 검색 성공
구파발역 좌표 검색 성공
북한산생태공원 좌표 검색 성공
형제봉 입구 좌표 검색 성공
화계사 입구 좌표 검색 성공
 GET /map 200 in 71ms (next.js: 889µs, application-code: 70ms)
수서역 좌표 검색 성공
매헌시민의숲(양재시민의숲역) 좌표 검색 성공
사당역 갈림길 좌표 검색 성공
관악산공원 입구 좌표 검색 성공
깔딱고개 쉼터 좌표 검색 성공
광나루역 좌표 검색 성공
명일근린공원 좌표 검색 성공
오금1교(올림픽공원역) 좌표 검색 성공
석수역 좌표 검색 성공
구일역 좌표 검색 성공
가양대교 남단 좌표 검색 성공
증산역 좌표 검색 성공
도봉산역 좌표 검색 성공
당고개공원 갈림길 좌표 검색 성공
상계동 나들이 철쭉동산 좌표 검색 성공
화랑대역 좌표 검색 성공
구파발역 좌표 검색 성공
북한산생태공원 좌표 검색 성공
형제봉 입구 좌표 검색 성공
화계사 입구 좌표 검색 성공
 GET /map 200 in 73ms (next.js: 1205µs, application-code: 71ms)
수서역 좌표 검색 성공
매헌시민의숲(양재시민의숲역) 좌표 검색 성공
사당역 갈림길 좌표 검색 성공
관악산공원 입구 좌표 검색 성공
깔딱고개 쉼터 좌표 검색 성공
광나루역 좌표 검색 성공
명일근린공원 좌표 검색 성공
오금1교(올림픽공원역) 좌표 검색 성공
석수역 좌표 검색 성공
구일역 좌표 검색 성공
가양대교 남단 좌표 검색 성공
증산역 좌표 검색 성공
구파발역 좌표 검색 성공
북한산생태공원 좌표 검색 성공
형제봉 입구 좌표 검색 성공
화계사 입구 좌표 검색 성공
도봉산역 좌표 검색 성공
당고개공원 갈림길 좌표 검색 성공
상계동 나들이 철쭉동산 좌표 검색 성공
화랑대역 좌표 검색 성공
 GET /map 200 in 15ms (next.js: 1148µs, application-code: 14ms)
깔딱고개 쉼터 좌표 검색 성공
광나루역 좌표 검색 성공
명일근린공원 좌표 검색 성공
오금1교(올림픽공원역) 좌표 검색 성공
 GET /map 200 in 93ms (next.js: 3ms, application-code: 90ms)
수서역 좌표 검색 성공
매헌시민의숲(양재시민의숲역) 좌표 검색 성공
사당역 갈림길 좌표 검색 성공
관악산공원 입구 좌표 검색 성공
구파발역 좌표 검색 성공
북한산생태공원 좌표 검색 성공
형제봉 입구 좌표 검색 성공
화계사 입구 좌표 검색 성공
석수역 좌표 검색 성공
구일역 좌표 검색 성공
가양대교 남단 좌표 검색 성공
증산역 좌표 검색 성공
수서역 좌표 검색 성공
매헌시민의숲(양재시민의숲역) 좌표 검색 성공
사당역 갈림길 좌표 검색 성공
관악산공원 입구 좌표 검색 성공
깔딱고개 쉼터 좌표 검색 성공
광나루역 좌표 검색 성공
명일근린공원 좌표 검색 성공
오금1교(올림픽공원역) 좌표 검색 성공
구파발역 좌표 검색 성공
북한산생태공원 좌표 검색 성공
형제봉 입구 좌표 검색 성공
화계사 입구 좌표 검색 성공
석수역 좌표 검색 성공
구일역 좌표 검색 성공
가양대교 남단 좌표 검색 성공
증산역 좌표 검색 성공
수서역 좌표 검색 성공
매헌시민의숲(양재시민의숲역) 좌표 검색 성공
사당역 갈림길 좌표 검색 성공
관악산공원 입구 좌표 검색 성공
깔딱고개 쉼터 좌표 검색 성공
광나루역 좌표 검색 성공
명일근린공원 좌표 검색 성공
오금1교(올림픽공원역) 좌표 검색 성공
구파발역 좌표 검색 성공
북한산생태공원 좌표 검색 성공
형제봉 입구 좌표 검색 성공
화계사 입구 좌표 검색 성공
북한산우이역 좌표 검색 성공
좌표 검색이 끝났습니다. 전체 21개 중 21개 성공
북한산우이역 좌표 검색 성공
좌표 검색이 끝났습니다. 전체 21개 중 21개 성공
석수역 좌표 검색 성공
구일역 좌표 검색 성공
가양대교 남단 좌표 검색 성공
증산역 좌표 검색 성공
수서역 좌표 검색 성공
매헌시민의숲(양재시민의숲역) 좌표 검색 성공
사당역 갈림길 좌표 검색 성공
관악산공원 입구 좌표 검색 성공
구파발역 좌표 검색 성공
북한산생태공원 좌표 검색 성공
형제봉 입구 좌표 검색 성공
화계사 입구 좌표 검색 성공
깔딱고개 쉼터 좌표 검색 성공
광나루역 좌표 검색 성공
명일근린공원 좌표 검색 성공
오금1교(올림픽공원역) 좌표 검색 성공
북한산우이역 좌표 검색 성공
좌표 검색이 끝났습니다. 전체 21개 중 21개 성공
석수역 좌표 검색 성공
구일역 좌표 검색 성공
가양대교 남단 좌표 검색 성공
증산역 좌표 검색 성공
수서역 좌표 검색 성공
매헌시민의숲(양재시민의숲역) 좌표 검색 성공
사당역 갈림길 좌표 검색 성공
관악산공원 입구 좌표 검색 성공
깔딱고개 쉼터 좌표 검색 성공
광나루역 좌표 검색 성공
명일근린공원 좌표 검색 성공
오금1교(올림픽공원역) 좌표 검색 성공
구파발역 좌표 검색 성공
북한산생태공원 좌표 검색 성공
형제봉 입구 좌표 검색 성공
화계사 입구 좌표 검색 성공
북한산우이역 좌표 검색 성공
좌표 검색이 끝났습니다. 전체 21개 중 21개 성공
석수역 좌표 검색 성공
구일역 좌표 검색 성공
가양대교 남단 좌표 검색 성공
증산역 좌표 검색 성공
구파발역 좌표 검색 성공
북한산생태공원 좌표 검색 성공
형제봉 입구 좌표 검색 성공
화계사 입구 좌표 검색 성공
수서역 좌표 검색 성공
매헌시민의숲(양재시민의숲역) 좌표 검색 성공
사당역 갈림길 좌표 검색 성공
관악산공원 입구 좌표 검색 성공
깔딱고개 쉼터 좌표 검색 성공
광나루역 좌표 검색 성공
명일근린공원 좌표 검색 성공
오금1교(올림픽공원역) 좌표 검색 성공
북한산우이역 좌표 검색 성공
좌표 검색이 끝났습니다. 전체 21개 중 21개 성공
석수역 좌표 검색 성공
구일역 좌표 검색 성공
가양대교 남단 좌표 검색 성공
증산역 좌표 검색 성공
구파발역 좌표 검색 성공
북한산생태공원 좌표 검색 성공
형제봉 입구 좌표 검색 성공
화계사 입구 좌표 검색 성공
깔딱고개 쉼터 좌표 검색 성공
광나루역 좌표 검색 성공
명일근린공원 좌표 검색 성공
오금1교(올림픽공원역) 좌표 검색 성공
수서역 좌표 검색 성공
매헌시민의숲(양재시민의숲역) 좌표 검색 성공
사당역 갈림길 좌표 검색 성공
관악산공원 입구 좌표 검색 성공
북한산우이역 좌표 검색 성공
좌표 검색이 끝났습니다. 전체 21개 중 21개 성공
석수역 좌표 검색 성공
구일역 좌표 검색 성공
가양대교 남단 좌표 검색 성공
증산역 좌표 검색 성공
구파발역 좌표 검색 성공
북한산생태공원 좌표 검색 성공
형제봉 입구 좌표 검색 성공
화계사 입구 좌표 검색 성공
수서역 좌표 검색 성공
매헌시민의숲(양재시민의숲역) 좌표 검색 성공
사당역 갈림길 좌표 검색 성공
관악산공원 입구 좌표 검색 성공
깔딱고개 쉼터 좌표 검색 성공
광나루역 좌표 검색 성공
명일근린공원 좌표 검색 성공
오금1교(올림픽공원역) 좌표 검색 성공
북한산우이역 좌표 검색 성공
좌표 검색이 끝났습니다. 전체 21개 중 21개 성공
석수역 좌표 검색 성공
구일역 좌표 검색 성공
가양대교 남단 좌표 검색 성공
증산역 좌표 검색 성공
구파발역 좌표 검색 성공
북한산생태공원 좌표 검색 성공
형제봉 입구 좌표 검색 성공
화계사 입구 좌표 검색 성공
수서역 좌표 검색 성공
매헌시민의숲(양재시민의숲역) 좌표 검색 성공
사당역 갈림길 좌표 검색 성공
관악산공원 입구 좌표 검색 성공
북한산우이역 좌표 검색 성공
좌표 검색이 끝났습니다. 전체 21개 중 21개 성공
깔딱고개 쉼터 좌표 검색 성공
광나루역 좌표 검색 성공
명일근린공원 좌표 검색 성공
오금1교(올림픽공원역) 좌표 검색 성공
석수역 좌표 검색 성공
구일역 좌표 검색 성공
가양대교 남단 좌표 검색 성공
증산역 좌표 검색 성공
구파발역 좌표 검색 성공
북한산생태공원 좌표 검색 성공
형제봉 입구 좌표 검색 성공
화계사 입구 좌표 검색 성공
수서역 좌표 검색 성공
매헌시민의숲(양재시민의숲역) 좌표 검색 성공
사당역 갈림길 좌표 검색 성공
관악산공원 입구 좌표 검색 성공
북한산우이역 좌표 검색 성공
좌표 검색이 끝났습니다. 전체 21개 중 21개 성공
깔딱고개 쉼터 좌표 검색 성공
광나루역 좌표 검색 성공
명일근린공원 좌표 검색 성공
오금1교(올림픽공원역) 좌표 검색 성공
석수역 좌표 검색 성공
구일역 좌표 검색 성공
가양대교 남단 좌표 검색 성공
증산역 좌표 검색 성공
구파발역 좌표 검색 성공
북한산생태공원 좌표 검색 성공
형제봉 입구 좌표 검색 성공
화계사 입구 좌표 검색 성공
수서역 좌표 검색 성공
매헌시민의숲(양재시민의숲역) 좌표 검색 성공
사당역 갈림길 좌표 검색 성공
관악산공원 입구 좌표 검색 성공
북한산우이역 좌표 검색 성공
좌표 검색이 끝났습니다. 전체 21개 중 21개 성공
석수역 좌표 검색 성공
구일역 좌표 검색 성공
가양대교 남단 좌표 검색 성공
증산역 좌표 검색 성공
깔딱고개 쉼터 좌표 검색 성공
광나루역 좌표 검색 성공
명일근린공원 좌표 검색 성공
오금1교(올림픽공원역) 좌표 검색 성공
구파발역 좌표 검색 성공
북한산생태공원 좌표 검색 성공
형제봉 입구 좌표 검색 성공
화계사 입구 좌표 검색 성공
수서역 좌표 검색 성공
매헌시민의숲(양재시민의숲역) 좌표 검색 성공
사당역 갈림길 좌표 검색 성공
관악산공원 입구 좌표 검색 성공
북한산우이역 좌표 검색 성공
좌표 검색이 끝났습니다. 전체 21개 중 21개 성공
석수역 좌표 검색 성공
구일역 좌표 검색 성공
가양대교 남단 좌표 검색 성공
증산역 좌표 검색 성공
깔딱고개 쉼터 좌표 검색 성공
광나루역 좌표 검색 성공
명일근린공원 좌표 검색 성공
오금1교(올림픽공원역) 좌표 검색 성공
구파발역 좌표 검색 성공
북한산생태공원 좌표 검색 성공
형제봉 입구 좌표 검색 성공
화계사 입구 좌표 검색 성공
북한산우이역 좌표 검색 성공
좌표 검색이 끝났습니다. 전체 21개 중 21개 성공
수서역 좌표 검색 성공
매헌시민의숲(양재시민의숲역) 좌표 검색 성공
사당역 갈림길 좌표 검색 성공
관악산공원 입구 좌표 검색 성공
석수역 좌표 검색 성공
구일역 좌표 검색 성공
가양대교 남단 좌표 검색 성공
증산역 좌표 검색 성공
깔딱고개 쉼터 좌표 검색 성공
광나루역 좌표 검색 성공
명일근린공원 좌표 검색 성공
오금1교(올림픽공원역) 좌표 검색 성공
구파발역 좌표 검색 성공
북한산생태공원 좌표 검색 성공
형제봉 입구 좌표 검색 성공
화계사 입구 좌표 검색 성공
북한산우이역 좌표 검색 성공
좌표 검색이 끝났습니다. 전체 21개 중 21개 성공
수서역 좌표 검색 성공
매헌시민의숲(양재시민의숲역) 좌표 검색 성공
사당역 갈림길 좌표 검색 성공
관악산공원 입구 좌표 검색 성공
석수역 좌표 검색 성공
구일역 좌표 검색 성공
가양대교 남단 좌표 검색 성공
증산역 좌표 검색 성공
깔딱고개 쉼터 좌표 검색 성공
광나루역 좌표 검색 성공
명일근린공원 좌표 검색 성공
오금1교(올림픽공원역) 좌표 검색 성공
구파발역 좌표 검색 성공
북한산생태공원 좌표 검색 성공
형제봉 입구 좌표 검색 성공
화계사 입구 좌표 검색 성공
북한산우이역 좌표 검색 성공
좌표 검색이 끝났습니다. 전체 21개 중 21개 성공
수서역 좌표 검색 성공
매헌시민의숲(양재시민의숲역) 좌표 검색 성공
사당역 갈림길 좌표 검색 성공
관악산공원 입구 좌표 검색 성공
석수역 좌표 검색 성공
구일역 좌표 검색 성공
가양대교 남단 좌표 검색 성공
증산역 좌표 검색 성공
깔딱고개 쉼터 좌표 검색 성공
광나루역 좌표 검색 성공
명일근린공원 좌표 검색 성공
오금1교(올림픽공원역) 좌표 검색 성공
구파발역 좌표 검색 성공
북한산생태공원 좌표 검색 성공
형제봉 입구 좌표 검색 성공
화계사 입구 좌표 검색 성공
북한산우이역 좌표 검색 성공
좌표 검색이 끝났습니다. 전체 21개 중 21개 성공
수서역 좌표 검색 성공
매헌시민의숲(양재시민의숲역) 좌표 검색 성공
사당역 갈림길 좌표 검색 성공
관악산공원 입구 좌표 검색 성공
석수역 좌표 검색 성공
구일역 좌표 검색 성공
가양대교 남단 좌표 검색 성공
증산역 좌표 검색 성공
깔딱고개 쉼터 좌표 검색 성공
광나루역 좌표 검색 성공
명일근린공원 좌표 검색 성공
오금1교(올림픽공원역) 좌표 검색 성공
구파발역 좌표 검색 성공
북한산생태공원 좌표 검색 성공
형제봉 입구 좌표 검색 성공
화계사 입구 좌표 검색 성공
북한산우이역 좌표 검색 성공
좌표 검색이 끝났습니다. 전체 21개 중 21개 성공
수서역 좌표 검색 성공
매헌시민의숲(양재시민의숲역) 좌표 검색 성공
사당역 갈림길 좌표 검색 성공
관악산공원 입구 좌표 검색 성공
석수역 좌표 검색 성공
구일역 좌표 검색 성공
가양대교 남단 좌표 검색 성공
증산역 좌표 검색 성공
깔딱고개 쉼터 좌표 검색 성공
광나루역 좌표 검색 성공
명일근린공원 좌표 검색 성공
오금1교(올림픽공원역) 좌표 검색 성공
구파발역 좌표 검색 성공
북한산생태공원 좌표 검색 성공
형제봉 입구 좌표 검색 성공
화계사 입구 좌표 검색 성공
북한산우이역 좌표 검색 성공
좌표 검색이 끝났습니다. 전체 21개 중 21개 성공
수서역 좌표 검색 성공
매헌시민의숲(양재시민의숲역) 좌표 검색 성공
사당역 갈림길 좌표 검색 성공
관악산공원 입구 좌표 검색 성공
석수역 좌표 검색 성공
구일역 좌표 검색 성공
가양대교 남단 좌표 검색 성공
증산역 좌표 검색 성공
구파발역 좌표 검색 성공
북한산생태공원 좌표 검색 성공
형제봉 입구 좌표 검색 성공
화계사 입구 좌표 검색 성공
깔딱고개 쉼터 좌표 검색 성공
광나루역 좌표 검색 성공
명일근린공원 좌표 검색 성공
오금1교(올림픽공원역) 좌표 검색 성공
북한산우이역 좌표 검색 성공
좌표 검색이 끝났습니다. 전체 21개 중 21개 성공
석수역 좌표 검색 성공
구일역 좌표 검색 성공
가양대교 남단 좌표 검색 성공
증산역 좌표 검색 성공
수서역 좌표 검색 성공
매헌시민의숲(양재시민의숲역) 좌표 검색 성공
사당역 갈림길 좌표 검색 성공
관악산공원 입구 좌표 검색 성공
구파발역 좌표 검색 성공
북한산생태공원 좌표 검색 성공
형제봉 입구 좌표 검색 성공
화계사 입구 좌표 검색 성공
깔딱고개 쉼터 좌표 검색 성공
광나루역 좌표 검색 성공
명일근린공원 좌표 검색 성공
오금1교(올림픽공원역) 좌표 검색 성공
북한산우이역 좌표 검색 성공
좌표 검색이 끝났습니다. 전체 21개 중 21개 성공
석수역 좌표 검색 성공
구일역 좌표 검색 성공
가양대교 남단 좌표 검색 성공
증산역 좌표 검색 성공
수서역 좌표 검색 성공
매헌시민의숲(양재시민의숲역) 좌표 검색 성공
사당역 갈림길 좌표 검색 성공
관악산공원 입구 좌표 검색 성공
구파발역 좌표 검색 성공
북한산생태공원 좌표 검색 성공
형제봉 입구 좌표 검색 성공
화계사 입구 좌표 검색 성공
북한산우이역 좌표 검색 성공
좌표 검색이 끝났습니다. 전체 21개 중 21개 성공
깔딱고개 쉼터 좌표 검색 성공
광나루역 좌표 검색 성공
명일근린공원 좌표 검색 성공
오금1교(올림픽공원역) 좌표 검색 성공
수서역 좌표 검색 성공
매헌시민의숲(양재시민의숲역) 좌표 검색 성공
사당역 갈림길 좌표 검색 성공
관악산공원 입구 좌표 검색 성공
석수역 좌표 검색 성공
구일역 좌표 검색 성공
가양대교 남단 좌표 검색 성공
증산역 좌표 검색 성공
북한산우이역 좌표 검색 성공
좌표 검색이 끝났습니다. 전체 21개 중 21개 성공
구파발역 좌표 검색 성공
북한산생태공원 좌표 검색 성공
형제봉 입구 좌표 검색 성공
화계사 입구 좌표 검색 성공
석수역 좌표 검색 성공
구일역 좌표 검색 성공
가양대교 남단 좌표 검색 성공
증산역 좌표 검색 성공
수서역 좌표 검색 성공
매헌시민의숲(양재시민의숲역) 좌표 검색 성공
사당역 갈림길 좌표 검색 성공
관악산공원 입구 좌표 검색 성공
북한산우이역 좌표 검색 성공
좌표 검색이 끝났습니다. 전체 21개 중 21개 성공
구파발역 좌표 검색 성공
북한산생태공원 좌표 검색 성공
형제봉 입구 좌표 검색 성공
화계사 입구 좌표 검색 성공
석수역 좌표 검색 성공
구일역 좌표 검색 성공
가양대교 남단 좌표 검색 성공
증산역 좌표 검색 성공
수서역 좌표 검색 성공
매헌시민의숲(양재시민의숲역) 좌표 검색 성공
사당역 갈림길 좌표 검색 성공
관악산공원 입구 좌표 검색 성공
북한산우이역 좌표 검색 성공
좌표 검색이 끝났습니다. 전체 21개 중 21개 성공
구파발역 좌표 검색 성공
북한산생태공원 좌표 검색 성공
형제봉 입구 좌표 검색 성공
화계사 입구 좌표 검색 성공
석수역 좌표 검색 성공
구일역 좌표 검색 성공
가양대교 남단 좌표 검색 성공
증산역 좌표 검색 성공
북한산우이역 좌표 검색 성공
좌표 검색이 끝났습니다. 전체 21개 중 21개 성공
수서역 좌표 검색 성공
매헌시민의숲(양재시민의숲역) 좌표 검색 성공
사당역 갈림길 좌표 검색 성공
관악산공원 입구 좌표 검색 성공
구파발역 좌표 검색 성공
북한산생태공원 좌표 검색 성공
형제봉 입구 좌표 검색 성공
화계사 입구 좌표 검색 성공
석수역 좌표 검색 성공
구일역 좌표 검색 성공
가양대교 남단 좌표 검색 성공
증산역 좌표 검색 성공
수서역 좌표 검색 성공
매헌시민의숲(양재시민의숲역) 좌표 검색 성공
사당역 갈림길 좌표 검색 성공
관악산공원 입구 좌표 검색 성공
북한산우이역 좌표 검색 성공
좌표 검색이 끝났습니다. 전체 21개 중 21개 성공
구파발역 좌표 검색 성공
북한산생태공원 좌표 검색 성공
형제봉 입구 좌표 검색 성공
화계사 입구 좌표 검색 성공
북한산우이역 좌표 검색 성공
좌표 검색이 끝났습니다. 전체 21개 중 21개 성공
석수역 좌표 검색 성공
구일역 좌표 검색 성공
가양대교 남단 좌표 검색 성공
증산역 좌표 검색 성공
수서역 좌표 검색 성공
매헌시민의숲(양재시민의숲역) 좌표 검색 성공
사당역 갈림길 좌표 검색 성공
관악산공원 입구 좌표 검색 성공
구파발역 좌표 검색 성공
북한산생태공원 좌표 검색 성공
형제봉 입구 좌표 검색 성공
화계사 입구 좌표 검색 성공
북한산우이역 좌표 검색 성공
좌표 검색이 끝났습니다. 전체 21개 중 21개 성공
수서역 좌표 검색 성공
매헌시민의숲(양재시민의숲역) 좌표 검색 성공
사당역 갈림길 좌표 검색 성공
관악산공원 입구 좌표 검색 성공
석수역 좌표 검색 성공
구일역 좌표 검색 성공
가양대교 남단 좌표 검색 성공
증산역 좌표 검색 성공
구파발역 좌표 검색 성공
북한산생태공원 좌표 검색 성공
형제봉 입구 좌표 검색 성공
화계사 입구 좌표 검색 성공
북한산우이역 좌표 검색 성공
좌표 검색이 끝났습니다. 전체 21개 중 21개 성공
석수역 좌표 검색 성공
구일역 좌표 검색 성공
가양대교 남단 좌표 검색 성공
증산역 좌표 검색 성공
수서역 좌표 검색 성공
매헌시민의숲(양재시민의숲역) 좌표 검색 성공
사당역 갈림길 좌표 검색 성공
관악산공원 입구 좌표 검색 성공
구파발역 좌표 검색 성공
북한산생태공원 좌표 검색 성공
형제봉 입구 좌표 검색 성공
화계사 입구 좌표 검색 성공
북한산우이역 좌표 검색 성공
좌표 검색이 끝났습니다. 전체 21개 중 21개 성공
석수역 좌표 검색 성공
구일역 좌표 검색 성공
가양대교 남단 좌표 검색 성공
증산역 좌표 검색 성공
수서역 좌표 검색 성공
매헌시민의숲(양재시민의숲역) 좌표 검색 성공
사당역 갈림길 좌표 검색 성공
관악산공원 입구 좌표 검색 성공
구파발역 좌표 검색 성공
북한산생태공원 좌표 검색 성공
형제봉 입구 좌표 검색 성공
화계사 입구 좌표 검색 성공
북한산우이역 좌표 검색 성공
좌표 검색이 끝났습니다. 전체 21개 중 21개 성공
석수역 좌표 검색 성공
구일역 좌표 검색 성공
가양대교 남단 좌표 검색 성공
증산역 좌표 검색 성공
수서역 좌표 검색 성공
매헌시민의숲(양재시민의숲역) 좌표 검색 성공
사당역 갈림길 좌표 검색 성공
관악산공원 입구 좌표 검색 성공
구파발역 좌표 검색 성공
북한산생태공원 좌표 검색 성공
형제봉 입구 좌표 검색 성공
화계사 입구 좌표 검색 성공
북한산우이역 좌표 검색 성공
좌표 검색이 끝났습니다. 전체 21개 중 21개 성공
석수역 좌표 검색 성공
구일역 좌표 검색 성공
가양대교 남단 좌표 검색 성공
증산역 좌표 검색 성공
구파발역 좌표 검색 성공
북한산생태공원 좌표 검색 성공
형제봉 입구 좌표 검색 성공
화계사 입구 좌표 검색 성공
수서역 좌표 검색 성공
매헌시민의숲(양재시민의숲역) 좌표 검색 성공
사당역 갈림길 좌표 검색 성공
관악산공원 입구 좌표 검색 성공
북한산우이역 좌표 검색 성공
좌표 검색이 끝났습니다. 전체 21개 중 21개 성공
석수역 좌표 검색 성공
구일역 좌표 검색 성공
가양대교 남단 좌표 검색 성공
증산역 좌표 검색 성공
구파발역 좌표 검색 성공
북한산생태공원 좌표 검색 성공
형제봉 입구 좌표 검색 성공
화계사 입구 좌표 검색 성공
수서역 좌표 검색 성공
매헌시민의숲(양재시민의숲역) 좌표 검색 성공
사당역 갈림길 좌표 검색 성공
관악산공원 입구 좌표 검색 성공
북한산우이역 좌표 검색 성공
좌표 검색이 끝났습니다. 전체 21개 중 21개 성공
석수역 좌표 검색 성공
구일역 좌표 검색 성공
가양대교 남단 좌표 검색 성공
증산역 좌표 검색 성공
구파발역 좌표 검색 성공
북한산생태공원 좌표 검색 성공
형제봉 입구 좌표 검색 성공
화계사 입구 좌표 검색 성공
수서역 좌표 검색 성공
매헌시민의숲(양재시민의숲역) 좌표 검색 성공
사당역 갈림길 좌표 검색 성공
관악산공원 입구 좌표 검색 성공
북한산우이역 좌표 검색 성공
좌표 검색이 끝났습니다. 전체 21개 중 21개 성공
석수역 좌표 검색 성공
구일역 좌표 검색 성공
가양대교 남단 좌표 검색 성공
증산역 좌표 검색 성공
구파발역 좌표 검색 성공
북한산생태공원 좌표 검색 성공
형제봉 입구 좌표 검색 성공
화계사 입구 좌표 검색 성공
수서역 좌표 검색 성공
매헌시민의숲(양재시민의숲역) 좌표 검색 성공
사당역 갈림길 좌표 검색 성공
관악산공원 입구 좌표 검색 성공
북한산우이역 좌표 검색 성공
좌표 검색이 끝났습니다. 전체 21개 중 21개 성공
석수역 좌표 검색 성공
구일역 좌표 검색 성공
가양대교 남단 좌표 검색 성공
증산역 좌표 검색 성공
구파발역 좌표 검색 성공
북한산생태공원 좌표 검색 성공
형제봉 입구 좌표 검색 성공
화계사 입구 좌표 검색 성공
수서역 좌표 검색 성공
매헌시민의숲(양재시민의숲역) 좌표 검색 성공
사당역 갈림길 좌표 검색 성공
관악산공원 입구 좌표 검색 성공
북한산우이역 좌표 검색 성공
좌표 검색이 끝났습니다. 전체 21개 중 21개 성공
석수역 좌표 검색 성공
구일역 좌표 검색 성공
가양대교 남단 좌표 검색 성공
증산역 좌표 검색 성공
구파발역 좌표 검색 성공
북한산생태공원 좌표 검색 성공
형제봉 입구 좌표 검색 성공
화계사 입구 좌표 검색 성공
수서역 좌표 검색 성공
매헌시민의숲(양재시민의숲역) 좌표 검색 성공
사당역 갈림길 좌표 검색 성공
관악산공원 입구 좌표 검색 성공
북한산우이역 좌표 검색 성공
좌표 검색이 끝났습니다. 전체 21개 중 21개 성공
석수역 좌표 검색 성공
구일역 좌표 검색 성공
가양대교 남단 좌표 검색 성공
증산역 좌표 검색 성공
구파발역 좌표 검색 성공
북한산생태공원 좌표 검색 성공
형제봉 입구 좌표 검색 성공
화계사 입구 좌표 검색 성공
수서역 좌표 검색 성공
매헌시민의숲(양재시민의숲역) 좌표 검색 성공
사당역 갈림길 좌표 검색 성공
관악산공원 입구 좌표 검색 성공
북한산우이역 좌표 검색 성공
좌표 검색이 끝났습니다. 전체 21개 중 21개 성공
석수역 좌표 검색 성공
구일역 좌표 검색 성공
가양대교 남단 좌표 검색 성공
증산역 좌표 검색 성공
구파발역 좌표 검색 성공
북한산생태공원 좌표 검색 성공
형제봉 입구 좌표 검색 성공
화계사 입구 좌표 검색 성공
북한산우이역 좌표 검색 성공
좌표 검색이 끝났습니다. 전체 21개 중 21개 성공
수서역 좌표 검색 성공
매헌시민의숲(양재시민의숲역) 좌표 검색 성공
사당역 갈림길 좌표 검색 성공
관악산공원 입구 좌표 검색 성공
구파발역 좌표 검색 성공
북한산생태공원 좌표 검색 성공
형제봉 입구 좌표 검색 성공
화계사 입구 좌표 검색 성공
석수역 좌표 검색 성공
구일역 좌표 검색 성공
가양대교 남단 좌표 검색 성공
증산역 좌표 검색 성공
북한산우이역 좌표 검색 성공
좌표 검색이 끝났습니다. 전체 21개 중 21개 성공
수서역 좌표 검색 성공
매헌시민의숲(양재시민의숲역) 좌표 검색 성공
사당역 갈림길 좌표 검색 성공
관악산공원 입구 좌표 검색 성공
구파발역 좌표 검색 성공
북한산생태공원 좌표 검색 성공
형제봉 입구 좌표 검색 성공
화계사 입구 좌표 검색 성공
석수역 좌표 검색 성공
구일역 좌표 검색 성공
가양대교 남단 좌표 검색 성공
증산역 좌표 검색 성공
북한산우이역 좌표 검색 성공
좌표 검색이 끝났습니다. 전체 21개 중 21개 성공
수서역 좌표 검색 성공
매헌시민의숲(양재시민의숲역) 좌표 검색 성공
사당역 갈림길 좌표 검색 성공
관악산공원 입구 좌표 검색 성공
석수역 좌표 검색 성공
구일역 좌표 검색 성공
가양대교 남단 좌표 검색 성공
증산역 좌표 검색 성공
구파발역 좌표 검색 성공
북한산생태공원 좌표 검색 성공
형제봉 입구 좌표 검색 성공
화계사 입구 좌표 검색 성공
북한산우이역 좌표 검색 성공
좌표 검색이 끝났습니다. 전체 21개 중 21개 성공
구파발역 좌표 검색 성공
북한산생태공원 좌표 검색 성공
형제봉 입구 좌표 검색 성공
화계사 입구 좌표 검색 성공
석수역 좌표 검색 성공
구일역 좌표 검색 성공
가양대교 남단 좌표 검색 성공
증산역 좌표 검색 성공
북한산우이역 좌표 검색 성공
좌표 검색이 끝났습니다. 전체 21개 중 21개 성공
구파발역 좌표 검색 성공
북한산생태공원 좌표 검색 성공
형제봉 입구 좌표 검색 성공
화계사 입구 좌표 검색 성공
석수역 좌표 검색 성공
구일역 좌표 검색 성공
가양대교 남단 좌표 검색 성공
증산역 좌표 검색 성공
북한산우이역 좌표 검색 성공
좌표 검색이 끝났습니다. 전체 21개 중 21개 성공
구파발역 좌표 검색 성공
북한산생태공원 좌표 검색 성공
형제봉 입구 좌표 검색 성공
화계사 입구 좌표 검색 성공
석수역 좌표 검색 성공
구일역 좌표 검색 성공
가양대교 남단 좌표 검색 성공
증산역 좌표 검색 성공
북한산우이역 좌표 검색 성공
좌표 검색이 끝났습니다. 전체 21개 중 21개 성공
구파발역 좌표 검색 성공
북한산생태공원 좌표 검색 성공
형제봉 입구 좌표 검색 성공
화계사 입구 좌표 검색 성공
석수역 좌표 검색 성공
구일역 좌표 검색 성공
가양대교 남단 좌표 검색 성공
증산역 좌표 검색 성공
북한산우이역 좌표 검색 성공
좌표 검색이 끝났습니다. 전체 21개 중 21개 성공
구파발역 좌표 검색 성공
북한산생태공원 좌표 검색 성공
형제봉 입구 좌표 검색 성공
화계사 입구 좌표 검색 성공
석수역 좌표 검색 성공
구일역 좌표 검색 성공
가양대교 남단 좌표 검색 성공
증산역 좌표 검색 성공
북한산우이역 좌표 검색 성공
좌표 검색이 끝났습니다. 전체 21개 중 21개 성공
석수역 좌표 검색 성공
구일역 좌표 검색 성공
가양대교 남단 좌표 검색 성공
증산역 좌표 검색 성공
구파발역 좌표 검색 성공
북한산생태공원 좌표 검색 성공
형제봉 입구 좌표 검색 성공
화계사 입구 좌표 검색 성공
북한산우이역 좌표 검색 성공
좌표 검색이 끝났습니다. 전체 21개 중 21개 성공
구파발역 좌표 검색 성공
북한산생태공원 좌표 검색 성공
형제봉 입구 좌표 검색 성공
화계사 입구 좌표 검색 성공
석수역 좌표 검색 성공
구일역 좌표 검색 성공
가양대교 남단 좌표 검색 성공
증산역 좌표 검색 성공
북한산우이역 좌표 검색 성공
좌표 검색이 끝났습니다. 전체 21개 중 21개 성공
구파발역 좌표 검색 성공
북한산생태공원 좌표 검색 성공
형제봉 입구 좌표 검색 성공
화계사 입구 좌표 검색 성공
석수역 좌표 검색 성공
구일역 좌표 검색 성공
가양대교 남단 좌표 검색 성공
증산역 좌표 검색 성공
북한산우이역 좌표 검색 성공
좌표 검색이 끝났습니다. 전체 21개 중 21개 성공
구파발역 좌표 검색 성공
북한산생태공원 좌표 검색 성공
형제봉 입구 좌표 검색 성공
화계사 입구 좌표 검색 성공
석수역 좌표 검색 성공
구일역 좌표 검색 성공
가양대교 남단 좌표 검색 성공
증산역 좌표 검색 성공
북한산우이역 좌표 검색 성공
좌표 검색이 끝났습니다. 전체 21개 중 21개 성공
구파발역 좌표 검색 성공
북한산생태공원 좌표 검색 성공
형제봉 입구 좌표 검색 성공
화계사 입구 좌표 검색 성공
북한산우이역 좌표 검색 성공
좌표 검색이 끝났습니다. 전체 21개 중 21개 성공
석수역 좌표 검색 성공
구일역 좌표 검색 성공
가양대교 남단 좌표 검색 성공
증산역 좌표 검색 성공
구파발역 좌표 검색 성공
북한산생태공원 좌표 검색 성공
형제봉 입구 좌표 검색 성공
화계사 입구 좌표 검색 성공
북한산우이역 좌표 검색 성공
좌표 검색이 끝났습니다. 전체 21개 중 21개 성공
석수역 좌표 검색 성공
구일역 좌표 검색 성공
가양대교 남단 좌표 검색 성공
증산역 좌표 검색 성공
구파발역 좌표 검색 성공
북한산생태공원 좌표 검색 성공
형제봉 입구 좌표 검색 성공
화계사 입구 좌표 검색 성공
북한산우이역 좌표 검색 성공
좌표 검색이 끝났습니다. 전체 21개 중 21개 성공
석수역 좌표 검색 성공
구일역 좌표 검색 성공
가양대교 남단 좌표 검색 성공
증산역 좌표 검색 성공
구파발역 좌표 검색 성공
북한산생태공원 좌표 검색 성공
형제봉 입구 좌표 검색 성공
화계사 입구 좌표 검색 성공
북한산우이역 좌표 검색 성공
좌표 검색이 끝났습니다. 전체 21개 중 21개 성공
석수역 좌표 검색 성공
구일역 좌표 검색 성공
가양대교 남단 좌표 검색 성공
증산역 좌표 검색 성공
구파발역 좌표 검색 성공
북한산생태공원 좌표 검색 성공
형제봉 입구 좌표 검색 성공
화계사 입구 좌표 검색 성공
북한산우이역 좌표 검색 성공
좌표 검색이 끝났습니다. 전체 21개 중 21개 성공
석수역 좌표 검색 성공
구일역 좌표 검색 성공
가양대교 남단 좌표 검색 성공
증산역 좌표 검색 성공
구파발역 좌표 검색 성공
북한산생태공원 좌표 검색 성공
형제봉 입구 좌표 검색 성공
화계사 입구 좌표 검색 성공
북한산우이역 좌표 검색 성공
좌표 검색이 끝났습니다. 전체 21개 중 21개 성공
석수역 좌표 검색 성공
구일역 좌표 검색 성공
가양대교 남단 좌표 검색 성공
증산역 좌표 검색 성공
구파발역 좌표 검색 성공
북한산생태공원 좌표 검색 성공
형제봉 입구 좌표 검색 성공
화계사 입구 좌표 검색 성공
북한산우이역 좌표 검색 성공
좌표 검색이 끝났습니다. 전체 21개 중 21개 성공
석수역 좌표 검색 성공
구일역 좌표 검색 성공
가양대교 남단 좌표 검색 성공
증산역 좌표 검색 성공
구파발역 좌표 검색 성공
북한산생태공원 좌표 검색 성공
형제봉 입구 좌표 검색 성공
화계사 입구 좌표 검색 성공
북한산우이역 좌표 검색 성공
좌표 검색이 끝났습니다. 전체 21개 중 21개 성공
석수역 좌표 검색 성공
구일역 좌표 검색 성공
가양대교 남단 좌표 검색 성공
증산역 좌표 검색 성공
북한산우이역 좌표 검색 성공
좌표 검색이 끝났습니다. 전체 21개 중 21개 성공
구파발역 좌표 검색 성공
북한산생태공원 좌표 검색 성공
형제봉 입구 좌표 검색 성공
화계사 입구 좌표 검색 성공
석수역 좌표 검색 성공
구일역 좌표 검색 성공
가양대교 남단 좌표 검색 성공
증산역 좌표 검색 성공
북한산우이역 좌표 검색 성공
좌표 검색이 끝났습니다. 전체 21개 중 21개 성공
구파발역 좌표 검색 성공
북한산생태공원 좌표 검색 성공
형제봉 입구 좌표 검색 성공
화계사 입구 좌표 검색 성공
석수역 좌표 검색 성공
구일역 좌표 검색 성공
가양대교 남단 좌표 검색 성공
증산역 좌표 검색 성공
구파발역 좌표 검색 성공
북한산생태공원 좌표 검색 성공
형제봉 입구 좌표 검색 성공
화계사 입구 좌표 검색 성공
북한산우이역 좌표 검색 성공
좌표 검색이 끝났습니다. 전체 21개 중 21개 성공
북한산우이역 좌표 검색 성공
좌표 검색이 끝났습니다. 전체 21개 중 21개 성공
구파발역 좌표 검색 성공
북한산생태공원 좌표 검색 성공
형제봉 입구 좌표 검색 성공
화계사 입구 좌표 검색 성공
북한산우이역 좌표 검색 성공
좌표 검색이 끝났습니다. 전체 21개 중 21개 성공
구파발역 좌표 검색 성공
북한산생태공원 좌표 검색 성공
형제봉 입구 좌표 검색 성공
화계사 입구 좌표 검색 성공
북한산우이역 좌표 검색 성공
좌표 검색이 끝났습니다. 전체 21개 중 21개 성공
구파발역 좌표 검색 성공
북한산생태공원 좌표 검색 성공
형제봉 입구 좌표 검색 성공
화계사 입구 좌표 검색 성공
북한산우이역 좌표 검색 성공
좌표 검색이 끝났습니다. 전체 21개 중 21개 성공
구파발역 좌표 검색 성공
북한산생태공원 좌표 검색 성공
형제봉 입구 좌표 검색 성공
화계사 입구 좌표 검색 성공
북한산우이역 좌표 검색 성공
좌표 검색이 끝났습니다. 전체 21개 중 21개 성공
구파발역 좌표 검색 성공
북한산생태공원 좌표 검색 성공
형제봉 입구 좌표 검색 성공
화계사 입구 좌표 검색 성공
구파발역 좌표 검색 성공
북한산생태공원 좌표 검색 성공
형제봉 입구 좌표 검색 성공
화계사 입구 좌표 검색 성공
북한산우이역 좌표 검색 성공
좌표 검색이 끝났습니다. 전체 21개 중 21개 성공
북한산우이역 좌표 검색 성공
좌표 검색이 끝났습니다. 전체 21개 중 21개 성공
구파발역 좌표 검색 성공
북한산생태공원 좌표 검색 성공
형제봉 입구 좌표 검색 성공
화계사 입구 좌표 검색 성공
북한산우이역 좌표 검색 성공
좌표 검색이 끝났습니다. 전체 21개 중 21개 성공
구파발역 좌표 검색 성공
북한산생태공원 좌표 검색 성공
형제봉 입구 좌표 검색 성공
화계사 입구 좌표 검색 성공
북한산우이역 좌표 검색 성공
좌표 검색이 끝났습니다. 전체 21개 중 21개 성공
구파발역 좌표 검색 성공
북한산생태공원 좌표 검색 성공
형제봉 입구 좌표 검색 성공
화계사 입구 좌표 검색 성공
북한산우이역 좌표 검색 성공
좌표 검색이 끝났습니다. 전체 21개 중 21개 성공
구파발역 좌표 검색 성공
북한산생태공원 좌표 검색 성공
형제봉 입구 좌표 검색 성공
화계사 입구 좌표 검색 성공
북한산우이역 좌표 검색 성공
좌표 검색이 끝났습니다. 전체 21개 중 21개 성공
구파발역 좌표 검색 성공
북한산생태공원 좌표 검색 성공
형제봉 입구 좌표 검색 성공
화계사 입구 좌표 검색 성공
북한산우이역 좌표 검색 성공
좌표 검색이 끝났습니다. 전체 21개 중 21개 성공
구파발역 좌표 검색 성공
북한산생태공원 좌표 검색 성공
형제봉 입구 좌표 검색 성공
화계사 입구 좌표 검색 성공
북한산우이역 좌표 검색 성공
좌표 검색이 끝났습니다. 전체 21개 중 21개 성공
구파발역 좌표 검색 성공
북한산생태공원 좌표 검색 성공
형제봉 입구 좌표 검색 성공
화계사 입구 좌표 검색 성공
북한산우이역 좌표 검색 성공
좌표 검색이 끝났습니다. 전체 21개 중 21개 성공
구파발역 좌표 검색 성공
북한산생태공원 좌표 검색 성공
형제봉 입구 좌표 검색 성공
화계사 입구 좌표 검색 성공
북한산우이역 좌표 검색 성공
좌표 검색이 끝났습니다. 전체 21개 중 21개 성공
구파발역 좌표 검색 성공
북한산생태공원 좌표 검색 성공
형제봉 입구 좌표 검색 성공
화계사 입구 좌표 검색 성공
북한산우이역 좌표 검색 성공
좌표 검색이 끝났습니다. 전체 21개 중 21개 성공
구파발역 좌표 검색 성공
북한산생태공원 좌표 검색 성공
형제봉 입구 좌표 검색 성공
화계사 입구 좌표 검색 성공
북한산우이역 좌표 검색 성공
좌표 검색이 끝났습니다. 전체 21개 중 21개 성공
구파발역 좌표 검색 성공
북한산생태공원 좌표 검색 성공
형제봉 입구 좌표 검색 성공
화계사 입구 좌표 검색 성공
북한산우이역 좌표 검색 성공
좌표 검색이 끝났습니다. 전체 21개 중 21개 성공
구파발역 좌표 검색 성공
북한산생태공원 좌표 검색 성공
형제봉 입구 좌표 검색 성공
화계사 입구 좌표 검색 성공
북한산우이역 좌표 검색 성공
좌표 검색이 끝났습니다. 전체 21개 중 21개 성공
구파발역 좌표 검색 성공
북한산생태공원 좌표 검색 성공
형제봉 입구 좌표 검색 성공
화계사 입구 좌표 검색 성공
북한산우이역 좌표 검색 성공
좌표 검색이 끝났습니다. 전체 21개 중 21개 성공
북한산우이역 좌표 검색 성공
좌표 검색이 끝났습니다. 전체 21개 중 21개 성공
북한산우이역 좌표 검색 성공
좌표 검색이 끝났습니다. 전체 21개 중 21개 성공
북한산우이역 좌표 검색 성공
좌표 검색이 끝났습니다. 전체 21개 중 21개 성공
북한산우이역 좌표 검색 성공
좌표 검색이 끝났습니다. 전체 21개 중 21개 성공
북한산우이역 좌표 검색 성공
좌표 검색이 끝났습니다. 전체 21개 중 21개 성공
북한산우이역 좌표 검색 성공
좌표 검색이 끝났습니다. 전체 21개 중 21개 성공
북한산우이역 좌표 검색 성공
좌표 검색이 끝났습니다. 전체 21개 중 21개 성공
북한산우이역 좌표 검색 성공
좌표 검색이 끝났습니다. 전체 21개 중 21개 성공
북한산우이역 좌표 검색 성공
좌표 검색이 끝났습니다. 전체 21개 중 21개 성공
북한산우이역 좌표 검색 성공
좌표 검색이 끝났습니다. 전체 21개 중 21개 성공
북한산우이역 좌표 검색 성공
좌표 검색이 끝났습니다. 전체 21개 중 21개 성공
북한산우이역 좌표 검색 성공
좌표 검색이 끝났습니다. 전체 21개 중 21개 성공
북한산우이역 좌표 검색 성공
좌표 검색이 끝났습니다. 전체 21개 중 21개 성공
북한산우이역 좌표 검색 성공
좌표 검색이 끝났습니다. 전체 21개 중 21개 성공
북한산우이역 좌표 검색 성공
좌표 검색이 끝났습니다. 전체 21개 중 21개 성공
북한산우이역 좌표 검색 성공
좌표 검색이 끝났습니다. 전체 21개 중 21개 성공
북한산우이역 좌표 검색 성공
좌표 검색이 끝났습니다. 전체 21개 중 21개 성공
북한산우이역 좌표 검색 성공
좌표 검색이 끝났습니다. 전체 21개 중 21개 성공
북한산우이역 좌표 검색 성공
좌표 검색이 끝났습니다. 전체 21개 중 21개 성공
[?25h
